2023-04-29 21:21:54,788 [INFO] Activator:176 - 


2023-04-29 21:21:54,790 [INFO] Activator:177 - !SESSION log4j initialized
2023-04-29 21:22:10,409 [INFO] LogOutputStream:77 - [STDOUT_REDIRECT] 
2023-04-29 21:22:32,434 [ERROR] LogOutputStream:75 - [STDERR_REDIRECT] SLF4J: Failed to load class "org.slf4j.impl.StaticLoggerBinder".
2023-04-29 21:22:32,435 [ERROR] LogOutputStream:75 - [STDERR_REDIRECT] SLF4J: Defaulting to no-operation (NOP) logger implementation
2023-04-29 21:22:32,435 [ERROR] LogOutputStream:75 - [STDERR_REDIRECT] SLF4J: See http://www.slf4j.org/codes.html#StaticLoggerBinder for further details.
2023-04-29 21:35:29,232 [ERROR] ConfigurationRetriever:142 - IOException on connection: Read timed out
2023-04-29 22:21:33,584 [INFO] Activator:176 - 


2023-04-29 22:21:33,586 [INFO] Activator:177 - !SESSION log4j initialized
2023-04-29 22:21:40,754 [INFO] ApplicationProperties:184 - Using Application install path: /home/administrator/st/stm32cubeide_1.12.0/plugins/com.st.stm32cube.common.mx_6.8.1.202304191431
2023-04-29 22:21:40,771 [INFO] DbMcusXml:78 - Set database path to: /home/administrator/st/stm32cubeide_1.12.0/plugins/com.st.stm32cube.common.mx_6.8.1.202304191431//db//mcu/
2023-04-29 22:21:40,771 [INFO] ApiDb:274 - Set plugin database path to: /home/administrator/st/stm32cubeide_1.12.0/plugins/com.st.stm32cube.common.mx_6.8.1.202304191431//db//plugins/boardmanager/
2023-04-29 22:21:40,775 [WARN] ApiDb:259 - Overriding images path with different value:  => /home/administrator/st/stm32cubeide_1.12.0/plugins/com.st.stm32cube.common.mx_6.8.1.202304191431//db//plugins/mcufinder/images/
2023-04-29 22:21:40,800 [INFO] ApiDb:250 - Set database path to: /home/administrator/.stmcufinder/plugins/mcufinder//mcu/
2023-04-29 22:21:40,802 [INFO] DbMcusAds:125 - Set database path to: /home/administrator/.stmcufinder/plugins/mcufinder//mcu/
2023-04-29 22:21:40,805 [INFO] CrossReferenceDbSqlite:203 - Set database path to: /home/administrator/.stmcufinder/plugins/mcufinder//mcu/cs/
2023-04-29 22:21:40,906 [INFO] RulesReader:64 - Compatibility file has been processed (293 Rules)
2023-04-29 22:21:40,976 [INFO] DbMcusXml:78 - Set database path to: /home/administrator/st/stm32cubeide_1.12.0/plugins/com.st.stm32cube.common.mx_6.8.1.202304191431//db//mcu/
2023-04-29 22:21:40,976 [INFO] ApiDb:274 - Set plugin database path to: /home/administrator/st/stm32cubeide_1.12.0/plugins/com.st.stm32cube.common.mx_6.8.1.202304191431//db//plugins/boardmanager/
2023-04-29 22:21:40,976 [INFO] ApiDb:261 - Set plugin images path to: /home/administrator/st/stm32cubeide_1.12.0/plugins/com.st.stm32cube.common.mx_6.8.1.202304191431//db//plugins/mcufinder/images/
2023-04-29 22:21:40,976 [WARN] DbFile:41 - Overriding database path with different value: /home/administrator/.stmcufinder/plugins/mcufinder/ => /home/administrator/.stmcufinder/plugins/mcufinder
2023-04-29 22:21:40,976 [INFO] ApiDb:250 - Set database path to: /home/administrator/.stmcufinder/plugins/mcufinder//mcu/
2023-04-29 22:21:40,977 [WARN] DbFile:41 - Overriding database path with different value: /home/administrator/.stmcufinder/plugins/mcufinder/ => /home/administrator/.stmcufinder/plugins/mcufinder
2023-04-29 22:21:40,977 [INFO] DbMcusAds:125 - Set database path to: /home/administrator/.stmcufinder/plugins/mcufinder//mcu/
2023-04-29 22:21:40,977 [WARN] DbFile:41 - Overriding database path with different value: /home/administrator/.stmcufinder/plugins/mcufinder/ => /home/administrator/.stmcufinder/plugins/mcufinder
2023-04-29 22:21:40,977 [WARN] DbFile:41 - Overriding database path with different value: /home/administrator/.stmcufinder/plugins/mcufinder/ => /home/administrator/.stmcufinder/plugins/mcufinder
2023-04-29 22:21:40,977 [INFO] CrossReferenceDbSqlite:203 - Set database path to: /home/administrator/.stmcufinder/plugins/mcufinder//mcu/cs/
2023-04-29 22:21:41,031 [INFO] MainPanel:253 - HeapMemory: 268435456
2023-04-29 22:21:41,104 [INFO] DbMcusXml:78 - Set database path to: /home/administrator/st/stm32cubeide_1.12.0/plugins/com.st.stm32cube.common.mx_6.8.1.202304191431//db//mcu/
2023-04-29 22:21:41,104 [INFO] ApiDb:274 - Set plugin database path to: /home/administrator/st/stm32cubeide_1.12.0/plugins/com.st.stm32cube.common.mx_6.8.1.202304191431//db//plugins/boardmanager/
2023-04-29 22:21:41,104 [INFO] ApiDb:261 - Set plugin images path to: /home/administrator/st/stm32cubeide_1.12.0/plugins/com.st.stm32cube.common.mx_6.8.1.202304191431//db//plugins/mcufinder/images/
2023-04-29 22:21:41,104 [WARN] DbFile:41 - Overriding database path with different value: /home/administrator/.stmcufinder/plugins/mcufinder/ => /home/administrator/.stmcufinder/plugins/mcufinder
2023-04-29 22:21:41,104 [INFO] ApiDb:250 - Set database path to: /home/administrator/.stmcufinder/plugins/mcufinder//mcu/
2023-04-29 22:21:41,104 [WARN] DbFile:41 - Overriding database path with different value: /home/administrator/.stmcufinder/plugins/mcufinder/ => /home/administrator/.stmcufinder/plugins/mcufinder
2023-04-29 22:21:41,105 [INFO] DbMcusAds:125 - Set database path to: /home/administrator/.stmcufinder/plugins/mcufinder//mcu/
2023-04-29 22:21:41,105 [WARN] DbFile:41 - Overriding database path with different value: /home/administrator/.stmcufinder/plugins/mcufinder/ => /home/administrator/.stmcufinder/plugins/mcufinder
2023-04-29 22:21:41,105 [WARN] DbFile:41 - Overriding database path with different value: /home/administrator/.stmcufinder/plugins/mcufinder/ => /home/administrator/.stmcufinder/plugins/mcufinder
2023-04-29 22:21:41,105 [INFO] CrossReferenceDbSqlite:203 - Set database path to: /home/administrator/.stmcufinder/plugins/mcufinder//mcu/cs/
2023-04-29 22:21:41,119 [INFO] ApplicationProperties:184 - Using Application install path: /home/administrator/st/stm32cubeide_1.12.0/plugins/com.st.stm32cube.common.mx_6.8.1.202304191431
2023-04-29 22:21:41,121 [INFO] PluginManage:196 - Search for loadable plugins [exclusion list=, ]
2023-04-29 22:21:41,122 [INFO] PluginManage:310 - Check plugin analytics
2023-04-29 22:21:41,321 [INFO] AnalyticsPlugin:253 - Accepted Software Licenses: 
2023-04-29 22:21:41,321 [INFO] AnalyticsPlugin:255 - Accepted CMSIS Pack Licenses: 
2023-04-29 22:21:41,321 [INFO] AnalyticsPlugin:257 - Accepted Firmware Licenses: FW.F4.1.27.0
2023-04-29 22:21:41,330 [INFO] PluginManage:359 - Loaded plugin analytics (category:tool,tabindex:-1)
2023-04-29 22:21:41,330 [INFO] PluginManage:310 - Check plugin cadmodel
2023-04-29 22:21:41,414 [INFO] CADModel:105 - Init CAD model plugin
2023-04-29 22:21:41,414 [INFO] PluginManage:359 - Loaded plugin cadmodel (category:power,tabindex:5)
2023-04-29 22:21:41,415 [INFO] PluginManage:310 - Check plugin clock
2023-04-29 22:21:41,423 [INFO] PluginManage:359 - Loaded plugin clock (category:base,tabindex:2)
2023-04-29 22:21:41,423 [INFO] PluginManage:310 - Check plugin ddr
2023-04-29 22:21:41,424 [INFO] PluginManage:359 - Loaded plugin ddr (category:tool,tabindex:6)
2023-04-29 22:21:41,425 [INFO] PluginManage:310 - Check plugin filemanager
2023-04-29 22:21:41,544 [INFO] PluginManage:359 - Loaded plugin filemanager (category:base,tabindex:10)
2023-04-29 22:21:41,545 [INFO] PluginManage:310 - Check plugin ipmanager
2023-04-29 22:21:41,550 [INFO] PluginManage:359 - Loaded plugin ipmanager (category:base,tabindex:5)
2023-04-29 22:21:41,550 [INFO] PluginManage:310 - Check plugin lpbam
2023-04-29 22:21:41,558 [INFO] PluginManage:359 - Loaded plugin lpbam (category:base,tabindex:0)
2023-04-29 22:21:41,558 [INFO] PluginManage:310 - Check plugin pinoutandconfiguration
2023-04-29 22:21:41,565 [INFO] PluginManage:359 - Loaded plugin pinoutandconfiguration (category:base,tabindex:1)
2023-04-29 22:21:41,565 [INFO] PluginManage:310 - Check plugin pinoutconfig
2023-04-29 22:21:41,636 [WARN] SupportedApi:132 - Cannot load RTOS API schema: s4s-elt-must-match.1: The content of 'definitions' must match (annotation?, (simpleType | complexType)?, (unique | key | keyref)*)). A problem was found starting at: attribute.
2023-04-29 22:21:41,753 [INFO] PluginManage:359 - Loaded plugin pinoutconfig (category:base,tabindex:0)
2023-04-29 22:21:41,753 [INFO] PluginManage:310 - Check plugin power
2023-04-29 22:21:41,760 [INFO] PluginManage:359 - Loaded plugin power (category:power,tabindex:4)
2023-04-29 22:21:41,760 [INFO] PluginManage:310 - Check plugin projectmanager
2023-04-29 22:21:41,774 [INFO] PluginManage:359 - Loaded plugin projectmanager (category:projectmanager,tabindex:3)
2023-04-29 22:21:41,774 [INFO] PluginManage:310 - Check plugin thirdparty
2023-04-29 22:21:41,884 [INFO] PluginManage:359 - Loaded plugin thirdparty (category:base,tabindex:-1)
2023-04-29 22:21:41,884 [INFO] PluginManage:310 - Check plugin tools
2023-04-29 22:21:41,883 [WARN] IntegrityCheckThread:84 - waiting for thirdparty lock release [integrity check]
2023-04-29 22:21:41,885 [INFO] IntegrityCheckThread:86 - entering critical section [integrity check]
2023-04-29 22:21:41,888 [INFO] ThirdPartyUpdaterWithRetryManager:70 - Updater plugin not ready yet. [1/15]
2023-04-29 22:21:41,889 [INFO] PluginManage:359 - Loaded plugin tools (category:base,tabindex:7)
2023-04-29 22:21:41,889 [INFO] PluginManage:310 - Check plugin tutovideos
2023-04-29 22:21:42,059 [INFO] PluginManage:359 - Loaded plugin tutovideos (category:base,tabindex:-1)
2023-04-29 22:21:42,059 [INFO] PluginManage:310 - Check plugin updater
2023-04-29 22:21:42,071 [INFO] PluginManage:359 - Loaded plugin updater (category:base,tabindex:12)
2023-04-29 22:21:42,072 [INFO] PluginManage:283 - PluginManage : Loaded plugins [15]
2023-04-29 22:21:42,259 [INFO] PinOutPanel:1499 - setPackage(No Configuration,No Configuration)
2023-04-29 22:21:42,304 [INFO] CADModel:165 - CPN selected for project level
2023-04-29 22:21:42,305 [INFO] CADModel:114 - Register for checkConnection events
2023-04-29 22:21:42,316 [INFO] IPUIPlugin:80 - create IPUIPlugin
2023-04-29 22:21:42,316 [INFO] PluginManager:220 - loadIPPluginJar : add usbx
2023-04-29 22:21:42,318 [INFO] IPUIPlugin:80 - create IPUIPlugin
2023-04-29 22:21:42,318 [INFO] PluginManager:220 - loadIPPluginJar : add comp
2023-04-29 22:21:42,320 [INFO] IPUIPlugin:80 - create IPUIPlugin
2023-04-29 22:21:42,320 [INFO] PluginManager:220 - loadIPPluginJar : add openamp
2023-04-29 22:21:42,322 [INFO] IPUIPlugin:80 - create IPUIPlugin
2023-04-29 22:21:42,322 [INFO] PluginManager:220 - loadIPPluginJar : add tim
2023-04-29 22:21:42,324 [INFO] IPUIPlugin:80 - create IPUIPlugin
2023-04-29 22:21:42,324 [INFO] PluginManager:220 - loadIPPluginJar : add spi
2023-04-29 22:21:42,329 [INFO] IPUIPlugin:80 - create IPUIPlugin
2023-04-29 22:21:42,332 [INFO] PluginManager:220 - loadIPPluginJar : add plateformsettings
2023-04-29 22:21:42,334 [INFO] IPUIPlugin:80 - create IPUIPlugin
2023-04-29 22:21:42,334 [INFO] PluginManager:220 - loadIPPluginJar : add aes
2023-04-29 22:21:42,337 [INFO] IPUIPlugin:80 - create IPUIPlugin
2023-04-29 22:21:42,337 [INFO] PluginManager:220 - loadIPPluginJar : add i3c
2023-04-29 22:21:42,339 [INFO] IPUIPlugin:80 - create IPUIPlugin
2023-04-29 22:21:42,339 [INFO] PluginManager:220 - loadIPPluginJar : add usart
2023-04-29 22:21:42,344 [INFO] IPUIPlugin:80 - create IPUIPlugin
2023-04-29 22:21:42,345 [INFO] PluginManager:220 - loadIPPluginJar : add fmc
2023-04-29 22:21:42,349 [INFO] IPUIPlugin:80 - create IPUIPlugin
2023-04-29 22:21:42,349 [INFO] PluginManager:220 - loadIPPluginJar : add gic
2023-04-29 22:21:42,354 [INFO] IPUIPlugin:80 - create IPUIPlugin
2023-04-29 22:21:42,354 [INFO] PluginManager:220 - loadIPPluginJar : add freertos
2023-04-29 22:21:42,356 [INFO] IPUIPlugin:80 - create IPUIPlugin
2023-04-29 22:21:42,356 [INFO] PluginManager:220 - loadIPPluginJar : add i2s
2023-04-29 22:21:42,358 [INFO] IPUIPlugin:80 - create IPUIPlugin
2023-04-29 22:21:42,358 [INFO] PluginManager:220 - loadIPPluginJar : add genericplugin
2023-04-29 22:21:42,359 [INFO] IPUIPlugin:80 - create IPUIPlugin
2023-04-29 22:21:42,359 [INFO] PluginManager:220 - loadIPPluginJar : add ts
2023-04-29 22:21:42,363 [INFO] IPUIPlugin:80 - create IPUIPlugin
2023-04-29 22:21:42,363 [INFO] PluginManager:220 - loadIPPluginJar : add gpio
2023-04-29 22:21:42,364 [INFO] IPUIPlugin:80 - create IPUIPlugin
2023-04-29 22:21:42,365 [INFO] PluginManager:220 - loadIPPluginJar : add ucpd
2023-04-29 22:21:42,371 [INFO] IPUIPlugin:80 - create IPUIPlugin
2023-04-29 22:21:42,371 [INFO] PluginManager:220 - loadIPPluginJar : add linkedlist
2023-04-29 22:21:42,374 [INFO] IPUIPlugin:80 - create IPUIPlugin
2023-04-29 22:21:42,374 [INFO] PluginManager:220 - loadIPPluginJar : add nvic
2023-04-29 22:21:42,376 [INFO] IPUIPlugin:80 - create IPUIPlugin
2023-04-29 22:21:42,376 [INFO] PluginManager:220 - loadIPPluginJar : add dfsdm
2023-04-29 22:21:42,377 [INFO] IPUIPlugin:80 - create IPUIPlugin
2023-04-29 22:21:42,377 [INFO] PluginManager:220 - loadIPPluginJar : add ltdc
2023-04-29 22:21:42,380 [INFO] IPUIPlugin:80 - create IPUIPlugin
2023-04-29 22:21:42,380 [INFO] PluginManager:220 - loadIPPluginJar : add sai
2023-04-29 22:21:42,382 [INFO] IPUIPlugin:80 - create IPUIPlugin
2023-04-29 22:21:42,382 [INFO] PluginManager:220 - loadIPPluginJar : add i2c
2023-04-29 22:21:42,387 [INFO] IPUIPlugin:80 - create IPUIPlugin
2023-04-29 22:21:42,387 [INFO] PluginManager:220 - loadIPPluginJar : add mdma
2023-04-29 22:21:42,390 [INFO] IPUIPlugin:80 - create IPUIPlugin
2023-04-29 22:21:42,390 [INFO] PluginManager:220 - loadIPPluginJar : add opamp
2023-04-29 22:21:42,392 [INFO] IPUIPlugin:80 - create IPUIPlugin
2023-04-29 22:21:42,393 [INFO] PluginManager:220 - loadIPPluginJar : add pdm2pcm
2023-04-29 22:21:42,394 [INFO] IPUIPlugin:80 - create IPUIPlugin
2023-04-29 22:21:42,394 [INFO] PluginManager:220 - loadIPPluginJar : add tsc
2023-04-29 22:21:42,396 [INFO] IPUIPlugin:80 - create IPUIPlugin
2023-04-29 22:21:42,396 [INFO] PluginManager:220 - loadIPPluginJar : add lorawan
2023-04-29 22:21:42,399 [INFO] IPUIPlugin:80 - create IPUIPlugin
2023-04-29 22:21:42,399 [INFO] PluginManager:220 - loadIPPluginJar : add resmgrutility
2023-04-29 22:21:42,400 [INFO] IPUIPlugin:80 - create IPUIPlugin
2023-04-29 22:21:42,400 [INFO] PluginManager:220 - loadIPPluginJar : add fatfs
2023-04-29 22:21:42,401 [INFO] IPUIPlugin:80 - create IPUIPlugin
2023-04-29 22:21:42,402 [INFO] PluginManager:220 - loadIPPluginJar : add gfxmmu
2023-04-29 22:21:42,407 [INFO] IPUIPlugin:80 - create IPUIPlugin
2023-04-29 22:21:42,407 [INFO] PluginManager:220 - loadIPPluginJar : add adc
2023-04-29 22:21:42,409 [INFO] IPUIPlugin:80 - create IPUIPlugin
2023-04-29 22:21:42,409 [INFO] PluginManager:220 - loadIPPluginJar : add hash
2023-04-29 22:21:42,410 [INFO] IPUIPlugin:80 - create IPUIPlugin
2023-04-29 22:21:42,411 [INFO] PluginManager:220 - loadIPPluginJar : add can
2023-04-29 22:21:42,412 [INFO] IPUIPlugin:80 - create IPUIPlugin
2023-04-29 22:21:42,412 [INFO] PluginManager:220 - loadIPPluginJar : add quadspi
2023-04-29 22:21:42,414 [INFO] IPUIPlugin:80 - create IPUIPlugin
2023-04-29 22:21:42,414 [INFO] PluginManager:220 - loadIPPluginJar : add gtzc
2023-04-29 22:21:42,417 [INFO] IPUIPlugin:80 - create IPUIPlugin
2023-04-29 22:21:42,417 [INFO] PluginManager:220 - loadIPPluginJar : add touchsensing
2023-04-29 22:21:42,419 [INFO] IPUIPlugin:80 - create IPUIPlugin
2023-04-29 22:21:42,419 [INFO] PluginManager:220 - loadIPPluginJar : add tracer_emb
2023-04-29 22:21:42,424 [INFO] IPUIPlugin:80 - create IPUIPlugin
2023-04-29 22:21:42,424 [INFO] PluginManager:220 - loadIPPluginJar : add dma
2023-04-29 22:21:42,428 [INFO] IPUIPlugin:80 - create IPUIPlugin
2023-04-29 22:21:42,429 [INFO] PluginManager:220 - loadIPPluginJar : add stm32_wpan
2023-04-29 22:21:42,431 [INFO] IPUIPlugin:80 - create IPUIPlugin
2023-04-29 22:21:42,431 [INFO] PluginManager:220 - loadIPPluginJar : add cryp
2023-04-29 22:21:42,433 [INFO] IPUIPlugin:80 - create IPUIPlugin
2023-04-29 22:21:42,433 [INFO] PluginManager:220 - loadIPPluginJar : add dma3
2023-04-29 22:21:42,435 [INFO] IPUIPlugin:80 - create IPUIPlugin
2023-04-29 22:21:42,435 [INFO] PluginManager:220 - loadIPPluginJar : add ipddr
2023-04-29 22:21:42,544 [INFO] CADModel:165 - CPN selected for project level
2023-04-29 22:21:42,544 [INFO] CADModel:114 - Register for checkConnection events
2023-04-29 22:21:42,544 [FATAL] Updater:308 - Updater called before beeing initialized
2023-04-29 22:21:42,545 [ERROR] CADModel:125 - Updater not yet initialized, retry later 
2023-04-29 22:21:42,687 [INFO] CADModel:165 - CPN selected for project level
2023-04-29 22:21:42,687 [INFO] CADModel:114 - Register for checkConnection events
2023-04-29 22:21:42,688 [FATAL] Updater:308 - Updater called before beeing initialized
2023-04-29 22:21:42,688 [ERROR] CADModel:125 - Updater not yet initialized, retry later 
2023-04-29 22:21:42,691 [FATAL] Updater:308 - Updater called before beeing initialized
2023-04-29 22:21:42,775 [FATAL] Updater:308 - Updater called before beeing initialized
2023-04-29 22:21:42,796 [INFO] DbMcusAds:53 - JSON generation date=Tue Mar 07 10:50:55 IST 2023 (1678179055335)
2023-04-29 22:21:42,796 [FATAL] Updater:308 - Updater called before beeing initialized
2023-04-29 22:21:42,829 [WARN] DetailPanel:346 - Failed to get advertising image, set to default
2023-04-29 22:21:42,935 [FATAL] Updater:308 - Updater called before beeing initialized
2023-04-29 22:21:42,936 [FATAL] Updater:308 - Updater called before beeing initialized
2023-04-29 22:21:42,936 [FATAL] Updater:308 - Updater called before beeing initialized
2023-04-29 22:21:42,936 [WARN] DetailPanel:346 - Failed to get advertising image, set to default
2023-04-29 22:21:42,937 [FATAL] Updater:308 - Updater called before beeing initialized
2023-04-29 22:21:42,970 [ERROR] Updater:1120 - MainUpdater not yet initialized. External WinMGr cannot be set.
2023-04-29 22:21:42,971 [INFO] Updater:1056 - Updater Version found : 6.8.1
2023-04-29 22:21:42,986 [INFO] ApplicationProperties:184 - Using Application install path: /home/administrator/st/stm32cubeide_1.12.0/plugins/com.st.stm32cube.common.mx_6.8.1.202304191431
2023-04-29 22:21:43,074 [INFO] MainUpdater:519 - Copy updater definitions from MX database
2023-04-29 22:21:43,445 [INFO] MainUpdater:2854 - connection check result : 10
2023-04-29 22:21:43,446 [INFO] MainUpdater:3548 - Updater definition file requires update
2023-04-29 22:21:43,447 [INFO] MainUpdater:283 - Updater Check For Update Now.
2023-04-29 22:21:43,450 [INFO] MicroXplorer:498 - Change Database Version : DB.6.0.81
2023-04-29 22:21:43,593 [INFO] ServerAccessManage:473 - Download File updaters.zip
2023-04-29 22:21:43,655 [INFO] FileExtend:240 - Unzip File : updaters.zip
2023-04-29 22:21:43,655 [INFO] FileExtend:255 - Standard Zip Deflate
2023-04-29 22:21:43,955 [INFO] ServerAccessManage:473 - Download File PacksControlFlags.xml
2023-04-29 22:21:44,065 [INFO] ServerAccessManage:473 - Download File cubemx.pidx
2023-04-29 22:21:44,535 [INFO] ServerAccessManage:473 - Download File STMicroelectronics.X-CUBE-MEMS1.pdsc
2023-04-29 22:21:44,890 [WARN] MainUpdater:1187 - Updater busy. Cannot search thirdparties
2023-04-29 22:21:44,890 [INFO] ThirdPartyUpdaterWithRetryManager:96 - Updater plugin is busy. [1/15]
2023-04-29 22:21:47,479 [INFO] ServerAccessManage:473 - Download File STMicroelectronics.X-CUBE-AZRTOS-G4.pdsc
2023-04-29 22:21:47,891 [WARN] MainUpdater:1187 - Updater busy. Cannot search thirdparties
2023-04-29 22:21:47,891 [INFO] ThirdPartyUpdaterWithRetryManager:96 - Updater plugin is busy. [2/15]
2023-04-29 22:21:48,412 [ERROR] ServerAccessManage:1096 - Problem, Http access forbiden
2023-04-29 22:21:48,415 [ERROR] ServerAccessManage:651 - Problem, Http access forbiden : RoweBots.I-CUBE-UNISONRTOS.pdsc.
2023-04-29 22:21:48,653 [WARN] PackLoader:240 - Cannot read IP mode file for STMicroelectronics.X-CUBE-MEMS1.9.6.0
2023-04-29 22:21:48,707 [INFO] CheckServerUpdateThread:120 - End of CheckServer Thread
2023-04-29 22:21:48,839 [WARN] PackLoader:240 - Cannot read IP mode file for STMicroelectronics.X-CUBE-AZRTOS-G4.2.0.0
2023-04-29 22:21:48,841 [INFO] PopulateThirdPartyThread:66 - Ending populate Thread
2023-04-29 22:21:48,847 [INFO] ThirdParty:1030 - CMSIS Pack Vendor :STMicroelectronics X-CUBE-AZRTOS-G4 2.0.0
2023-04-29 22:21:48,847 [INFO] ThirdParty:1030 - CMSIS Pack Vendor :STMicroelectronics X-CUBE-MEMS1 9.6.0
2023-04-29 22:21:48,848 [INFO] LoadServerUpdatesThread:373 - End of LoadServerUpdate Thread
2023-04-29 22:21:48,861 [INFO] MainUpdater:2854 - connection check result : 10
2023-04-29 22:21:48,861 [INFO] MainUpdater:2854 - connection check result : 10
2023-04-29 22:21:51,010 [WARN] PackLoader:240 - Cannot read IP mode file for STMicroelectronics.X-CUBE-GNSS1.6.0.0
2023-04-29 22:21:51,041 [WARN] PackLoader:240 - Cannot read IP mode file for STMicroelectronics.X-CUBE-AZRTOS-F4.1.1.0
2023-04-29 22:21:51,060 [WARN] PackLoader:240 - Cannot read IP mode file for STMicroelectronics.X-CUBE-SMBUS.2.1.0
2023-04-29 22:21:51,078 [WARN] PackLoader:240 - Cannot read IP mode file for wolfSSL.I-CUBE-wolfSSL.5.6.0
2023-04-29 22:21:51,092 [WARN] PackLoader:240 - Cannot read IP mode file for STMicroelectronics.X-CUBE-AZRTOS-F7.1.1.0
2023-04-29 22:21:51,127 [WARN] PackLoader:240 - Cannot read IP mode file for STMicroelectronics.X-CUBE-MEMS1.9.6.0
2023-04-29 22:21:51,274 [WARN] PackLoader:240 - Cannot read IP mode file for STMicroelectronics.X-CUBE-BLE1.6.2.4
2023-04-29 22:21:51,279 [WARN] PackLoader:240 - Cannot read IP mode file for emotas.I-CUBE-CANOPEN.1.1.3
2023-04-29 22:21:51,302 [WARN] PackLoader:240 - Cannot read IP mode file for STMicroelectronics.X-CUBE-BLEMGR.2.0.0
2023-04-29 22:21:51,329 [WARN] ConditionMgr:438 - getConditionDescription Invalid condition id : UX DEVICE CLASS RTOS Condition cause : null
2023-04-29 22:21:51,329 [WARN] ConditionMgr:438 - getConditionDescription Invalid condition id : UX DEVICE CLASS RTOS Condition cause : null
2023-04-29 22:21:51,333 [WARN] PackLoader:240 - Cannot read IP mode file for STMicroelectronics.X-CUBE-AZRTOS-H7.3.1.0
2023-04-29 22:21:51,334 [WARN] ConditionMgr:1039 - genDependencies : Invalid condition id : UX DEVICE CLASS RTOS Condition cause : null
2023-04-29 22:21:51,334 [WARN] ConditionMgr:1039 - genDependencies : Invalid condition id : UX DEVICE CLASS RTOS Condition cause : null
2023-04-29 22:21:51,334 [WARN] ConditionMgr:1039 - genDependencies : Invalid condition id : UX DEVICE CLASS RTOS Condition cause : null
2023-04-29 22:21:51,335 [WARN] ConditionMgr:1039 - genDependencies : Invalid condition id : UX DEVICE CLASS RTOS Condition cause : null
2023-04-29 22:21:51,335 [WARN] ConditionMgr:1039 - genDependencies : Invalid condition id : UX DEVICE CLASS RTOS Condition cause : null
2023-04-29 22:21:51,351 [WARN] PackLoader:240 - Cannot read IP mode file for STMicroelectronics.X-CUBE-DISPLAY.3.0.0
2023-04-29 22:21:51,358 [WARN] PackLoader:240 - Cannot read IP mode file for STMicroelectronics.X-CUBE-NFC7.1.0.0
2023-04-29 22:21:51,362 [WARN] PackLoader:240 - Cannot read IP mode file for STMicroelectronics.X-CUBE-EEPRMA1.4.1.0
2023-04-29 22:21:51,367 [WARN] PackLoader:240 - Cannot read IP mode file for WES.I-CUBE-Cesium.1.3.0
2023-04-29 22:21:51,371 [WARN] PackLoader:240 - Cannot read IP mode file for STMicroelectronics.X-CUBE-SFXS2LP1.4.0.0
2023-04-29 22:21:51,382 [WARN] PackLoader:240 - Cannot read IP mode file for STMicroelectronics.X-CUBE-BLE2.3.3.0
2023-04-29 22:21:51,385 [WARN] PackLoader:240 - Cannot read IP mode file for STMicroelectronics.X-CUBE-ISPU.1.1.0
2023-04-29 22:21:51,392 [WARN] PackLoader:240 - Cannot read IP mode file for STMicroelectronics.X-CUBE-AI.8.0.0
2023-04-29 22:21:51,395 [WARN] PackLoader:240 - Cannot read IP mode file for STMicroelectronics.X-CUBE-FREERTOS.1.0.1
2023-04-29 22:21:51,397 [WARN] PackLoader:240 - Cannot read IP mode file for STMicroelectronics.X-CUBE-TOUCHGFX.4.21.3
2023-04-29 22:21:51,401 [WARN] PackLoader:240 - Cannot read IP mode file for STMicroelectronics.X-CUBE-ALGOBUILD.1.3.0
2023-04-29 22:21:51,451 [WARN] PackLoader:240 - Cannot read IP mode file for STMicroelectronics.X-CUBE-AZRTOS-L5.1.1.0
2023-04-29 22:21:51,466 [WARN] PackLoader:240 - Cannot read IP mode file for STMicroelectronics.X-CUBE-AZRTOS-G0.1.1.0
2023-04-29 22:21:51,479 [WARN] PackLoader:240 - Cannot read IP mode file for STMicroelectronics.X-CUBE-SUBG2.5.0.0
2023-04-29 22:21:51,507 [WARN] PackLoader:240 - Cannot read IP mode file for STMicroelectronics.X-CUBE-NFC4.3.0.0
2023-04-29 22:21:51,519 [WARN] PackLoader:240 - Cannot read IP mode file for STMicroelectronics.X-CUBE-AZRTOS-G4.2.0.0
2023-04-29 22:21:51,527 [WARN] PackLoader:240 - Cannot read IP mode file for STMicroelectronics.X-CUBE-TOF1.3.3.0
2023-04-29 22:21:51,561 [WARN] PackLoader:240 - Cannot read IP mode file for STMicroelectronics.X-CUBE-AZRTOS-G4.1.0.0
2023-04-29 22:21:51,580 [WARN] PackLoader:240 - Cannot read IP mode file for STMicroelectronics.FP-ATR-SIGFOX1.3.2.0
2023-04-29 22:21:51,612 [WARN] PackLoader:240 - Cannot read IP mode file for STMicroelectronics.X-CUBE-AZRTOS-L4.1.0.0
2023-04-29 22:21:51,621 [WARN] PackLoader:240 - Cannot read IP mode file for STMicroelectronics.X-CUBE-AZRTOS-WL.1.0.0
2023-04-29 22:21:51,632 [WARN] PackLoader:240 - Cannot read IP mode file for portGmbH.I-Cube-SoM-uGOAL.1.1.0
2023-04-29 22:21:51,648 [WARN] PackLoader:240 - Cannot read IP mode file for STMicroelectronics.X-CUBE-ALS.1.0.1
2023-04-29 22:21:51,694 [WARN] PackLoader:240 - Cannot read IP mode file for STMicroelectronics.X-CUBE-MEMS1.9.5.0
2023-04-29 22:21:51,803 [WARN] PackLoader:240 - Cannot read IP mode file for STMicroelectronics.X-CUBE-AZRTOS-WB.1.1.0
2023-04-29 22:21:51,832 [WARN] PackLoader:240 - Cannot read IP mode file for SEGGER.I-CUBE-embOS.1.3.1
2023-04-29 22:21:51,887 [WARN] PackLoader:240 - Cannot read IP mode file for STMicroelectronics.FP-ATR-ASTRA1.2.0.0
2023-04-29 22:21:51,888 [INFO] ThirdParty:978 - Integrity check success = true
2023-04-29 22:21:51,888 [INFO] IntegrityCheckThread:100 - exiting critical section [integrity check]
2023-04-29 22:21:51,888 [INFO] IntegrityCheckThread:103 - End integrity checks thread
