2023-05-01 16:42:21,687 [INFO] Activator:176 - 


2023-05-01 16:42:21,696 [INFO] Activator:177 - !SESSION log4j initialized
2023-05-01 16:42:26,508 [INFO] LogOutputStream:77 - [STDOUT_REDIRECT] 
2023-05-01 16:42:32,868 [ERROR] LogOutputStream:75 - [STDERR_REDIRECT] May 01, 2023 4:42:32 PM org.glassfish.grizzly.http.server.NetworkListener start
2023-05-01 16:42:32,870 [ERROR] LogOutputStream:75 - [STDERR_REDIRECT] INFO: Started listener bound to [localhost:1596]
2023-05-01 16:42:32,870 [ERROR] LogOutputStream:75 - [STDERR_REDIRECT] 
2023-05-01 16:42:32,873 [ERROR] LogOutputStream:75 - [STDERR_REDIRECT] May 01, 2023 4:42:32 PM org.glassfish.grizzly.http.server.HttpServer start
2023-05-01 16:42:32,874 [ERROR] LogOutputStream:75 - [STDERR_REDIRECT] INFO: [HttpServer] Started.
2023-05-01 16:42:32,874 [ERROR] LogOutputStream:75 - [STDERR_REDIRECT] 
2023-05-01 22:33:34,749 [INFO] ApplicationProperties:184 - Using Application install path: D:\Program\Stm32Ide\STM32CubeIDE_1.11.0\STM32CubeIDE\plugins\com.st.stm32cube.common.mx_6.8.1.202304191431
2023-05-01 22:33:34,774 [INFO] DbMcusXml:78 - Set database path to: D:\Program\Stm32Ide\STM32CubeIDE_1.11.0\STM32CubeIDE\plugins\com.st.stm32cube.common.mx_6.8.1.202304191431\\db\/mcu/
2023-05-01 22:33:34,775 [INFO] ApiDb:274 - Set plugin database path to: D:\Program\Stm32Ide\STM32CubeIDE_1.11.0\STM32CubeIDE\plugins\com.st.stm32cube.common.mx_6.8.1.202304191431\\db\/plugins/boardmanager/
2023-05-01 22:33:34,777 [WARN] ApiDb:259 - Overriding images path with different value:  => D:\Program\Stm32Ide\STM32CubeIDE_1.11.0\STM32CubeIDE\plugins\com.st.stm32cube.common.mx_6.8.1.202304191431\\db\/plugins/mcufinder/images/
2023-05-01 22:33:34,794 [INFO] ApiDb:250 - Set database path to: C:\Users\minhp\.stmcufinder\plugins\mcufinder//mcu/
2023-05-01 22:33:34,795 [INFO] DbMcusAds:125 - Set database path to: C:\Users\minhp\.stmcufinder\plugins\mcufinder//mcu/
2023-05-01 22:33:34,816 [INFO] CrossReferenceDbSqlite:203 - Set database path to: C:\Users\minhp\.stmcufinder\plugins\mcufinder//mcu/cs/
2023-05-01 22:33:34,937 [INFO] RulesReader:64 - Compatibility file has been processed (293 Rules)
2023-05-01 22:33:35,021 [INFO] DbMcusXml:78 - Set database path to: D:\Program\Stm32Ide\STM32CubeIDE_1.11.0\STM32CubeIDE\plugins\com.st.stm32cube.common.mx_6.8.1.202304191431\\db\/mcu/
2023-05-01 22:33:35,021 [INFO] ApiDb:274 - Set plugin database path to: D:\Program\Stm32Ide\STM32CubeIDE_1.11.0\STM32CubeIDE\plugins\com.st.stm32cube.common.mx_6.8.1.202304191431\\db\/plugins/boardmanager/
2023-05-01 22:33:35,021 [INFO] ApiDb:261 - Set plugin images path to: D:\Program\Stm32Ide\STM32CubeIDE_1.11.0\STM32CubeIDE\plugins\com.st.stm32cube.common.mx_6.8.1.202304191431\\db\/plugins/mcufinder/images/
2023-05-01 22:33:35,022 [WARN] DbFile:41 - Overriding database path with different value: C:\Users\minhp\.stmcufinder\plugins\mcufinder/ => C:\Users\minhp\.stmcufinder\plugins\mcufinder
2023-05-01 22:33:35,022 [INFO] ApiDb:250 - Set database path to: C:\Users\minhp\.stmcufinder\plugins\mcufinder//mcu/
2023-05-01 22:33:35,022 [WARN] DbFile:41 - Overriding database path with different value: C:\Users\minhp\.stmcufinder\plugins\mcufinder/ => C:\Users\minhp\.stmcufinder\plugins\mcufinder
2023-05-01 22:33:35,022 [INFO] DbMcusAds:125 - Set database path to: C:\Users\minhp\.stmcufinder\plugins\mcufinder//mcu/
2023-05-01 22:33:35,022 [WARN] DbFile:41 - Overriding database path with different value: C:\Users\minhp\.stmcufinder\plugins\mcufinder/ => C:\Users\minhp\.stmcufinder\plugins\mcufinder
2023-05-01 22:33:35,022 [WARN] DbFile:41 - Overriding database path with different value: C:\Users\minhp\.stmcufinder\plugins\mcufinder/ => C:\Users\minhp\.stmcufinder\plugins\mcufinder
2023-05-01 22:33:35,022 [INFO] CrossReferenceDbSqlite:203 - Set database path to: C:\Users\minhp\.stmcufinder\plugins\mcufinder//mcu/cs/
2023-05-01 22:33:35,101 [INFO] MainPanel:253 - HeapMemory: 414187520
2023-05-01 22:33:35,220 [INFO] DbMcusXml:78 - Set database path to: D:\Program\Stm32Ide\STM32CubeIDE_1.11.0\STM32CubeIDE\plugins\com.st.stm32cube.common.mx_6.8.1.202304191431\\db\/mcu/
2023-05-01 22:33:35,220 [INFO] ApiDb:274 - Set plugin database path to: D:\Program\Stm32Ide\STM32CubeIDE_1.11.0\STM32CubeIDE\plugins\com.st.stm32cube.common.mx_6.8.1.202304191431\\db\/plugins/boardmanager/
2023-05-01 22:33:35,220 [INFO] ApiDb:261 - Set plugin images path to: D:\Program\Stm32Ide\STM32CubeIDE_1.11.0\STM32CubeIDE\plugins\com.st.stm32cube.common.mx_6.8.1.202304191431\\db\/plugins/mcufinder/images/
2023-05-01 22:33:35,221 [WARN] DbFile:41 - Overriding database path with different value: C:\Users\minhp\.stmcufinder\plugins\mcufinder/ => C:\Users\minhp\.stmcufinder\plugins\mcufinder
2023-05-01 22:33:35,221 [INFO] ApiDb:250 - Set database path to: C:\Users\minhp\.stmcufinder\plugins\mcufinder//mcu/
2023-05-01 22:33:35,221 [WARN] DbFile:41 - Overriding database path with different value: C:\Users\minhp\.stmcufinder\plugins\mcufinder/ => C:\Users\minhp\.stmcufinder\plugins\mcufinder
2023-05-01 22:33:35,221 [INFO] DbMcusAds:125 - Set database path to: C:\Users\minhp\.stmcufinder\plugins\mcufinder//mcu/
2023-05-01 22:33:35,221 [WARN] DbFile:41 - Overriding database path with different value: C:\Users\minhp\.stmcufinder\plugins\mcufinder/ => C:\Users\minhp\.stmcufinder\plugins\mcufinder
2023-05-01 22:33:35,221 [WARN] DbFile:41 - Overriding database path with different value: C:\Users\minhp\.stmcufinder\plugins\mcufinder/ => C:\Users\minhp\.stmcufinder\plugins\mcufinder
2023-05-01 22:33:35,221 [INFO] CrossReferenceDbSqlite:203 - Set database path to: C:\Users\minhp\.stmcufinder\plugins\mcufinder//mcu/cs/
2023-05-01 22:33:35,248 [INFO] ApplicationProperties:184 - Using Application install path: D:\Program\Stm32Ide\STM32CubeIDE_1.11.0\STM32CubeIDE\plugins\com.st.stm32cube.common.mx_6.8.1.202304191431
2023-05-01 22:33:35,250 [INFO] PluginManage:196 - Search for loadable plugins [exclusion list=, ]
2023-05-01 22:33:35,251 [INFO] PluginManage:310 - Check plugin analytics
2023-05-01 22:33:40,618 [INFO] AnalyticsPlugin:253 - Accepted Software Licenses: STM32CubeMX.6.7.0,STM32CubeMX.6.2.0,STM32CubeMX.6.8.0,STM32CubeMX.6.8.1
2023-05-01 22:33:40,618 [INFO] AnalyticsPlugin:255 - Accepted CMSIS Pack Licenses: 
2023-05-01 22:33:40,618 [INFO] AnalyticsPlugin:257 - Accepted Firmware Licenses: 
2023-05-01 22:33:40,629 [INFO] PluginManage:359 - Loaded plugin analytics (category:tool,tabindex:-1)
2023-05-01 22:33:40,629 [INFO] PluginManage:310 - Check plugin cadmodel
2023-05-01 22:33:40,637 [INFO] CADModel:105 - Init CAD model plugin
2023-05-01 22:33:40,637 [INFO] PluginManage:359 - Loaded plugin cadmodel (category:power,tabindex:5)
2023-05-01 22:33:40,637 [INFO] PluginManage:310 - Check plugin clock
2023-05-01 22:33:40,655 [INFO] PluginManage:359 - Loaded plugin clock (category:base,tabindex:2)
2023-05-01 22:33:40,655 [INFO] PluginManage:310 - Check plugin ddr
2023-05-01 22:33:40,658 [INFO] PluginManage:359 - Loaded plugin ddr (category:tool,tabindex:6)
2023-05-01 22:33:40,658 [INFO] PluginManage:310 - Check plugin filemanager
2023-05-01 22:33:40,813 [INFO] PluginManage:359 - Loaded plugin filemanager (category:base,tabindex:10)
2023-05-01 22:33:40,814 [INFO] PluginManage:310 - Check plugin ipmanager
2023-05-01 22:33:40,822 [INFO] PluginManage:359 - Loaded plugin ipmanager (category:base,tabindex:5)
2023-05-01 22:33:40,822 [INFO] PluginManage:310 - Check plugin lpbam
2023-05-01 22:33:40,833 [INFO] PluginManage:359 - Loaded plugin lpbam (category:base,tabindex:0)
2023-05-01 22:33:40,833 [INFO] PluginManage:310 - Check plugin pinoutandconfiguration
2023-05-01 22:33:40,842 [INFO] PluginManage:359 - Loaded plugin pinoutandconfiguration (category:base,tabindex:1)
2023-05-01 22:33:40,842 [INFO] PluginManage:310 - Check plugin pinoutconfig
2023-05-01 22:33:40,955 [WARN] SupportedApi:132 - Cannot load RTOS API schema: s4s-elt-must-match.1: The content of 'definitions' must match (annotation?, (simpleType | complexType)?, (unique | key | keyref)*)). A problem was found starting at: attribute.
2023-05-01 22:33:41,120 [INFO] PluginManage:359 - Loaded plugin pinoutconfig (category:base,tabindex:0)
2023-05-01 22:33:41,120 [INFO] PluginManage:310 - Check plugin power
2023-05-01 22:33:41,134 [INFO] PluginManage:359 - Loaded plugin power (category:power,tabindex:4)
2023-05-01 22:33:41,134 [INFO] PluginManage:310 - Check plugin projectmanager
2023-05-01 22:33:41,160 [INFO] PluginManage:359 - Loaded plugin projectmanager (category:projectmanager,tabindex:3)
2023-05-01 22:33:41,160 [INFO] PluginManage:310 - Check plugin thirdparty
2023-05-01 22:33:41,330 [WARN] IntegrityCheckThread:84 - waiting for thirdparty lock release [integrity check]
2023-05-01 22:33:41,332 [INFO] PluginManage:359 - Loaded plugin thirdparty (category:base,tabindex:-1)
2023-05-01 22:33:41,332 [INFO] IntegrityCheckThread:86 - entering critical section [integrity check]
2023-05-01 22:33:41,332 [INFO] PluginManage:310 - Check plugin tools
2023-05-01 22:33:41,336 [INFO] ThirdPartyUpdaterWithRetryManager:70 - Updater plugin not ready yet. [1/15]
2023-05-01 22:33:41,338 [INFO] PluginManage:359 - Loaded plugin tools (category:base,tabindex:7)
2023-05-01 22:33:41,338 [INFO] PluginManage:310 - Check plugin tutovideos
2023-05-01 22:33:41,594 [INFO] PluginManage:359 - Loaded plugin tutovideos (category:base,tabindex:-1)
2023-05-01 22:33:41,595 [INFO] PluginManage:310 - Check plugin updater
2023-05-01 22:33:41,622 [INFO] PluginManage:359 - Loaded plugin updater (category:base,tabindex:12)
2023-05-01 22:33:41,622 [INFO] PluginManage:283 - PluginManage : Loaded plugins [15]
2023-05-01 22:33:41,923 [INFO] PinOutPanel:1499 - setPackage(No Configuration,No Configuration)
2023-05-01 22:33:42,004 [INFO] CADModel:165 - CPN selected for project level
2023-05-01 22:33:42,004 [INFO] CADModel:114 - Register for checkConnection events
2023-05-01 22:33:42,023 [INFO] IPUIPlugin:80 - create IPUIPlugin
2023-05-01 22:33:42,024 [INFO] PluginManager:220 - loadIPPluginJar : add adc
2023-05-01 22:33:42,026 [INFO] IPUIPlugin:80 - create IPUIPlugin
2023-05-01 22:33:42,026 [INFO] PluginManager:220 - loadIPPluginJar : add aes
2023-05-01 22:33:42,030 [INFO] IPUIPlugin:80 - create IPUIPlugin
2023-05-01 22:33:42,030 [INFO] PluginManager:220 - loadIPPluginJar : add can
2023-05-01 22:33:42,032 [INFO] IPUIPlugin:80 - create IPUIPlugin
2023-05-01 22:33:42,032 [INFO] PluginManager:220 - loadIPPluginJar : add comp
2023-05-01 22:33:42,035 [INFO] IPUIPlugin:80 - create IPUIPlugin
2023-05-01 22:33:42,035 [INFO] PluginManager:220 - loadIPPluginJar : add cryp
2023-05-01 22:33:42,038 [INFO] IPUIPlugin:80 - create IPUIPlugin
2023-05-01 22:33:42,038 [INFO] PluginManager:220 - loadIPPluginJar : add dfsdm
2023-05-01 22:33:42,044 [INFO] IPUIPlugin:80 - create IPUIPlugin
2023-05-01 22:33:42,045 [INFO] PluginManager:220 - loadIPPluginJar : add dma
2023-05-01 22:33:42,047 [INFO] IPUIPlugin:80 - create IPUIPlugin
2023-05-01 22:33:42,047 [INFO] PluginManager:220 - loadIPPluginJar : add dma3
2023-05-01 22:33:42,049 [INFO] IPUIPlugin:80 - create IPUIPlugin
2023-05-01 22:33:42,049 [INFO] PluginManager:220 - loadIPPluginJar : add fatfs
2023-05-01 22:33:42,054 [INFO] IPUIPlugin:80 - create IPUIPlugin
2023-05-01 22:33:42,054 [INFO] PluginManager:220 - loadIPPluginJar : add fmc
2023-05-01 22:33:42,062 [INFO] IPUIPlugin:80 - create IPUIPlugin
2023-05-01 22:33:42,063 [INFO] PluginManager:220 - loadIPPluginJar : add freertos
2023-05-01 22:33:42,065 [INFO] IPUIPlugin:80 - create IPUIPlugin
2023-05-01 22:33:42,065 [INFO] PluginManager:220 - loadIPPluginJar : add genericplugin
2023-05-01 22:33:42,068 [INFO] IPUIPlugin:80 - create IPUIPlugin
2023-05-01 22:33:42,068 [INFO] PluginManager:220 - loadIPPluginJar : add gfxmmu
2023-05-01 22:33:42,076 [INFO] IPUIPlugin:80 - create IPUIPlugin
2023-05-01 22:33:42,076 [INFO] PluginManager:220 - loadIPPluginJar : add gic
2023-05-01 22:33:42,084 [INFO] IPUIPlugin:80 - create IPUIPlugin
2023-05-01 22:33:42,084 [INFO] PluginManager:220 - loadIPPluginJar : add gpio
2023-05-01 22:33:42,088 [INFO] IPUIPlugin:80 - create IPUIPlugin
2023-05-01 22:33:42,088 [INFO] PluginManager:220 - loadIPPluginJar : add gtzc
2023-05-01 22:33:42,092 [INFO] IPUIPlugin:80 - create IPUIPlugin
2023-05-01 22:33:42,092 [INFO] PluginManager:220 - loadIPPluginJar : add hash
2023-05-01 22:33:42,096 [INFO] IPUIPlugin:80 - create IPUIPlugin
2023-05-01 22:33:42,096 [INFO] PluginManager:220 - loadIPPluginJar : add i2c
2023-05-01 22:33:42,100 [INFO] IPUIPlugin:80 - create IPUIPlugin
2023-05-01 22:33:42,100 [INFO] PluginManager:220 - loadIPPluginJar : add i2s
2023-05-01 22:33:42,104 [INFO] IPUIPlugin:80 - create IPUIPlugin
2023-05-01 22:33:42,104 [INFO] PluginManager:220 - loadIPPluginJar : add i3c
2023-05-01 22:33:42,109 [INFO] IPUIPlugin:80 - create IPUIPlugin
2023-05-01 22:33:42,109 [INFO] PluginManager:220 - loadIPPluginJar : add ipddr
2023-05-01 22:33:42,119 [INFO] IPUIPlugin:80 - create IPUIPlugin
2023-05-01 22:33:42,119 [INFO] PluginManager:220 - loadIPPluginJar : add linkedlist
2023-05-01 22:33:42,122 [INFO] IPUIPlugin:80 - create IPUIPlugin
2023-05-01 22:33:42,123 [INFO] PluginManager:220 - loadIPPluginJar : add lorawan
2023-05-01 22:33:42,124 [INFO] IPUIPlugin:80 - create IPUIPlugin
2023-05-01 22:33:42,124 [INFO] PluginManager:220 - loadIPPluginJar : add ltdc
2023-05-01 22:33:42,130 [INFO] IPUIPlugin:80 - create IPUIPlugin
2023-05-01 22:33:42,130 [INFO] PluginManager:220 - loadIPPluginJar : add mdma
2023-05-01 22:33:42,135 [INFO] IPUIPlugin:80 - create IPUIPlugin
2023-05-01 22:33:42,135 [INFO] PluginManager:220 - loadIPPluginJar : add nvic
2023-05-01 22:33:42,138 [INFO] IPUIPlugin:80 - create IPUIPlugin
2023-05-01 22:33:42,138 [INFO] PluginManager:220 - loadIPPluginJar : add opamp
2023-05-01 22:33:42,142 [INFO] IPUIPlugin:80 - create IPUIPlugin
2023-05-01 22:33:42,143 [INFO] PluginManager:220 - loadIPPluginJar : add openamp
2023-05-01 22:33:42,146 [INFO] IPUIPlugin:80 - create IPUIPlugin
2023-05-01 22:33:42,146 [INFO] PluginManager:220 - loadIPPluginJar : add pdm2pcm
2023-05-01 22:33:42,154 [INFO] IPUIPlugin:80 - create IPUIPlugin
2023-05-01 22:33:42,156 [INFO] PluginManager:220 - loadIPPluginJar : add plateformsettings
2023-05-01 22:33:42,158 [INFO] IPUIPlugin:80 - create IPUIPlugin
2023-05-01 22:33:42,158 [INFO] PluginManager:220 - loadIPPluginJar : add quadspi
2023-05-01 22:33:42,163 [INFO] IPUIPlugin:80 - create IPUIPlugin
2023-05-01 22:33:42,163 [INFO] PluginManager:220 - loadIPPluginJar : add resmgrutility
2023-05-01 22:33:42,167 [INFO] IPUIPlugin:80 - create IPUIPlugin
2023-05-01 22:33:42,167 [INFO] PluginManager:220 - loadIPPluginJar : add sai
2023-05-01 22:33:42,168 [INFO] IPUIPlugin:80 - create IPUIPlugin
2023-05-01 22:33:42,168 [INFO] PluginManager:220 - loadIPPluginJar : add spi
2023-05-01 22:33:42,173 [INFO] IPUIPlugin:80 - create IPUIPlugin
2023-05-01 22:33:42,174 [INFO] PluginManager:220 - loadIPPluginJar : add stm32_wpan
2023-05-01 22:33:42,175 [INFO] IPUIPlugin:80 - create IPUIPlugin
2023-05-01 22:33:42,175 [INFO] PluginManager:220 - loadIPPluginJar : add tim
2023-05-01 22:33:42,178 [INFO] IPUIPlugin:80 - create IPUIPlugin
2023-05-01 22:33:42,179 [INFO] PluginManager:220 - loadIPPluginJar : add touchsensing
2023-05-01 22:33:42,180 [INFO] IPUIPlugin:80 - create IPUIPlugin
2023-05-01 22:33:42,180 [INFO] PluginManager:220 - loadIPPluginJar : add tracer_emb
2023-05-01 22:33:42,182 [INFO] IPUIPlugin:80 - create IPUIPlugin
2023-05-01 22:33:42,182 [INFO] PluginManager:220 - loadIPPluginJar : add ts
2023-05-01 22:33:42,184 [INFO] IPUIPlugin:80 - create IPUIPlugin
2023-05-01 22:33:42,184 [INFO] PluginManager:220 - loadIPPluginJar : add tsc
2023-05-01 22:33:42,187 [INFO] IPUIPlugin:80 - create IPUIPlugin
2023-05-01 22:33:42,187 [INFO] PluginManager:220 - loadIPPluginJar : add ucpd
2023-05-01 22:33:42,189 [INFO] IPUIPlugin:80 - create IPUIPlugin
2023-05-01 22:33:42,189 [INFO] PluginManager:220 - loadIPPluginJar : add usart
2023-05-01 22:33:42,192 [INFO] IPUIPlugin:80 - create IPUIPlugin
2023-05-01 22:33:42,192 [INFO] PluginManager:220 - loadIPPluginJar : add usbx
2023-05-01 22:33:42,345 [INFO] CADModel:165 - CPN selected for project level
2023-05-01 22:33:42,345 [INFO] CADModel:114 - Register for checkConnection events
2023-05-01 22:33:42,345 [FATAL] Updater:308 - Updater called before beeing initialized
2023-05-01 22:33:42,345 [ERROR] CADModel:125 - Updater not yet initialized, retry later 
2023-05-01 22:33:42,656 [INFO] CADModel:165 - CPN selected for project level
2023-05-01 22:33:42,656 [INFO] CADModel:114 - Register for checkConnection events
2023-05-01 22:33:42,656 [FATAL] Updater:308 - Updater called before beeing initialized
2023-05-01 22:33:42,656 [ERROR] CADModel:125 - Updater not yet initialized, retry later 
2023-05-01 22:33:42,661 [FATAL] Updater:308 - Updater called before beeing initialized
2023-05-01 22:33:42,874 [FATAL] Updater:308 - Updater called before beeing initialized
2023-05-01 22:33:42,886 [INFO] DbMcusAds:53 - JSON generation date=Tue Mar 07 15:50:55 ICT 2023 (1678179055335)
2023-05-01 22:33:42,886 [FATAL] Updater:308 - Updater called before beeing initialized
2023-05-01 22:33:42,949 [WARN] DetailPanel:346 - Failed to get advertising image, set to default
2023-05-01 22:33:43,135 [FATAL] Updater:308 - Updater called before beeing initialized
2023-05-01 22:33:43,138 [FATAL] Updater:308 - Updater called before beeing initialized
2023-05-01 22:33:43,138 [FATAL] Updater:308 - Updater called before beeing initialized
2023-05-01 22:33:43,140 [WARN] DetailPanel:346 - Failed to get advertising image, set to default
2023-05-01 22:33:43,141 [FATAL] Updater:308 - Updater called before beeing initialized
2023-05-01 22:33:43,218 [ERROR] Updater:1120 - MainUpdater not yet initialized. External WinMGr cannot be set.
2023-05-01 22:33:43,222 [INFO] Updater:1056 - Updater Version found : 6.8.1
2023-05-01 22:33:43,242 [INFO] ApplicationProperties:184 - Using Application install path: D:\Program\Stm32Ide\STM32CubeIDE_1.11.0\STM32CubeIDE\plugins\com.st.stm32cube.common.mx_6.8.1.202304191431
2023-05-01 22:33:43,475 [INFO] MainUpdater:2854 - connection check result : 10
2023-05-01 22:33:43,476 [INFO] MainUpdater:283 - Updater Check For Update Now.
2023-05-01 22:33:43,476 [INFO] MicroXplorer:498 - Change Database Version : DB.6.0.81
2023-05-01 22:33:43,656 [INFO] CheckServerUpdateThread:120 - End of CheckServer Thread
2023-05-01 22:33:43,695 [INFO] MainUpdater:2854 - connection check result : 10
2023-05-01 22:33:43,696 [INFO] MainUpdater:2854 - connection check result : 10
2023-05-01 22:33:43,749 [INFO] MicroXplorer:468 - Change Database Path : 
2023-05-01 22:33:43,750 [INFO] MicroXplorer:498 - Change Database Version : DB.6.0.81
2023-05-01 22:33:43,750 [WARN] ThirdParty:871 - waiting for thirdparty lock release [close project]
2023-05-01 22:33:44,631 [WARN] PackLoader:240 - Cannot read IP mode file for STMicroelectronics.X-CUBE-GNSS1.6.0.0
2023-05-01 22:33:44,679 [WARN] PackLoader:240 - Cannot read IP mode file for STMicroelectronics.X-CUBE-AZRTOS-F4.1.1.0
2023-05-01 22:33:44,695 [WARN] PackLoader:240 - Cannot read IP mode file for STMicroelectronics.X-CUBE-SMBUS.2.1.0
2023-05-01 22:33:44,720 [WARN] PackLoader:240 - Cannot read IP mode file for STMicroelectronics.X-CUBE-AZRTOS-F7.1.1.0
2023-05-01 22:33:44,832 [WARN] PackLoader:240 - Cannot read IP mode file for STMicroelectronics.X-CUBE-MEMS1.9.6.0
2023-05-01 22:33:45,067 [WARN] PackLoader:240 - Cannot read IP mode file for STMicroelectronics.X-CUBE-BLE1.6.2.4
2023-05-01 22:33:45,079 [WARN] PackLoader:240 - Cannot read IP mode file for emotas.I-CUBE-CANOPEN.1.1.3
2023-05-01 22:33:45,091 [WARN] PackLoader:240 - Cannot read IP mode file for STMicroelectronics.X-CUBE-BLEMGR.2.0.0
2023-05-01 22:33:45,101 [WARN] PackLoader:240 - Cannot read IP mode file for STMicroelectronics.X-CUBE-NFC4.2.0.5
2023-05-01 22:33:45,129 [WARN] ConditionMgr:438 - getConditionDescription Invalid condition id : UX DEVICE CLASS RTOS Condition cause : null
2023-05-01 22:33:45,130 [WARN] ConditionMgr:438 - getConditionDescription Invalid condition id : UX DEVICE CLASS RTOS Condition cause : null
2023-05-01 22:33:45,136 [WARN] PackLoader:240 - Cannot read IP mode file for STMicroelectronics.X-CUBE-AZRTOS-H7.3.1.0
2023-05-01 22:33:45,137 [WARN] ConditionMgr:1039 - genDependencies : Invalid condition id : UX DEVICE CLASS RTOS Condition cause : null
2023-05-01 22:33:45,137 [WARN] ConditionMgr:1039 - genDependencies : Invalid condition id : UX DEVICE CLASS RTOS Condition cause : null
2023-05-01 22:33:45,138 [WARN] ConditionMgr:1039 - genDependencies : Invalid condition id : UX DEVICE CLASS RTOS Condition cause : null
2023-05-01 22:33:45,140 [WARN] ConditionMgr:1039 - genDependencies : Invalid condition id : UX DEVICE CLASS RTOS Condition cause : null
2023-05-01 22:33:45,140 [WARN] ConditionMgr:1039 - genDependencies : Invalid condition id : UX DEVICE CLASS RTOS Condition cause : null
2023-05-01 22:33:45,152 [WARN] PackLoader:240 - Cannot read IP mode file for STMicroelectronics.X-CUBE-DISPLAY.3.0.0
2023-05-01 22:33:45,163 [WARN] PackLoader:240 - Cannot read IP mode file for wolfSSL.I-CUBE-wolfSSL.5.5.4
2023-05-01 22:33:45,171 [WARN] PackLoader:240 - Cannot read IP mode file for STMicroelectronics.X-CUBE-NFC7.1.0.0
2023-05-01 22:33:45,179 [WARN] PackLoader:240 - Cannot read IP mode file for STMicroelectronics.X-CUBE-EEPRMA1.4.1.0
2023-05-01 22:33:45,188 [WARN] PackLoader:240 - Cannot read IP mode file for WES.I-CUBE-Cesium.1.3.0
2023-05-01 22:33:45,199 [WARN] PackLoader:240 - Cannot read IP mode file for STMicroelectronics.X-CUBE-SFXS2LP1.4.0.0
2023-05-01 22:33:45,209 [WARN] PackLoader:240 - Cannot read IP mode file for STMicroelectronics.X-CUBE-BLE2.3.3.0
2023-05-01 22:33:45,216 [WARN] PackLoader:240 - Cannot read IP mode file for STMicroelectronics.X-CUBE-DISPLAY.2.2.0
2023-05-01 22:33:45,238 [WARN] PackLoader:240 - Cannot read IP mode file for STMicroelectronics.X-CUBE-TOF1.3.2.0
2023-05-01 22:33:45,268 [WARN] PackLoader:240 - Cannot read IP mode file for STMicroelectronics.X-CUBE-AZRTOS-H7.3.0.0
2023-05-01 22:33:45,276 [WARN] PackLoader:240 - Cannot read IP mode file for STMicroelectronics.X-CUBE-ISPU.1.1.0
2023-05-01 22:33:45,286 [WARN] PackLoader:240 - Cannot read IP mode file for RoweBots.I-CUBE-UNISONRTOS.5.5.0-4
2023-05-01 22:33:45,292 [WARN] PackLoader:240 - Cannot read IP mode file for STMicroelectronics.X-CUBE-AI.8.0.0
2023-05-01 22:33:45,314 [WARN] PackLoader:240 - Cannot read IP mode file for STMicroelectronics.X-CUBE-FREERTOS.1.0.1
2023-05-01 22:33:45,323 [WARN] PackLoader:240 - Cannot read IP mode file for STMicroelectronics.X-CUBE-TOUCHGFX.4.21.0
2023-05-01 22:33:45,326 [WARN] PackLoader:240 - Cannot read IP mode file for STMicroelectronics.X-CUBE-TOUCHGFX.4.21.3
2023-05-01 22:33:45,379 [WARN] PackLoader:240 - Cannot read IP mode file for STMicroelectronics.X-CUBE-MEMS1.9.4.0
2023-05-01 22:33:45,697 [WARN] PackLoader:240 - Cannot read IP mode file for STMicroelectronics.X-CUBE-AI.7.3.0
2023-05-01 22:33:45,705 [WARN] PackLoader:240 - Cannot read IP mode file for STMicroelectronics.X-CUBE-ALGOBUILD.1.3.0
2023-05-01 22:33:45,726 [WARN] PackLoader:240 - Cannot read IP mode file for STMicroelectronics.X-CUBE-AZRTOS-L5.1.1.0
2023-05-01 22:33:45,747 [WARN] PackLoader:240 - Cannot read IP mode file for STMicroelectronics.X-CUBE-AZRTOS-G0.1.1.0
2023-05-01 22:33:45,761 [WARN] PackLoader:240 - Cannot read IP mode file for STMicroelectronics.X-CUBE-SUBG2.5.0.0
2023-05-01 22:33:45,770 [WARN] PackLoader:240 - Cannot read IP mode file for STMicroelectronics.X-CUBE-NFC4.3.0.0
2023-05-01 22:33:45,786 [WARN] PackLoader:240 - Cannot read IP mode file for STMicroelectronics.X-CUBE-AZRTOS-G4.2.0.0
2023-05-01 22:33:45,797 [WARN] PackLoader:240 - Cannot read IP mode file for STMicroelectronics.X-CUBE-TOF1.3.3.0
2023-05-01 22:33:45,815 [WARN] PackLoader:240 - Cannot read IP mode file for STMicroelectronics.FP-ATR-ASTRA1.1.1.1
2023-05-01 22:33:45,825 [WARN] PackLoader:240 - Cannot read IP mode file for STMicroelectronics.X-CUBE-BLEMGR.1.3.0
2023-05-01 22:33:45,843 [WARN] PackLoader:240 - Cannot read IP mode file for STMicroelectronics.X-CUBE-AZRTOS-G4.1.0.0
2023-05-01 22:33:45,851 [WARN] PackLoader:240 - Cannot read IP mode file for STMicroelectronics.FP-ATR-SIGFOX1.3.2.0
2023-05-01 22:33:45,873 [WARN] PackLoader:240 - Cannot read IP mode file for STMicroelectronics.X-CUBE-AZRTOS-L4.1.0.0
2023-05-01 22:33:45,893 [WARN] PackLoader:240 - Cannot read IP mode file for STMicroelectronics.X-CUBE-AZRTOS-WL.1.0.0
2023-05-01 22:33:45,903 [WARN] PackLoader:240 - Cannot read IP mode file for portGmbH.I-Cube-SoM-uGOAL.1.1.0
2023-05-01 22:33:45,909 [WARN] PackLoader:240 - Cannot read IP mode file for STMicroelectronics.X-CUBE-ALS.1.0.1
2023-05-01 22:33:45,951 [WARN] PackLoader:240 - Cannot read IP mode file for STMicroelectronics.X-CUBE-MEMS1.9.5.0
2023-05-01 22:33:46,160 [WARN] PackLoader:240 - Cannot read IP mode file for STMicroelectronics.X-CUBE-AZRTOS-WB.1.1.0
2023-05-01 22:33:46,196 [WARN] PackLoader:240 - Cannot read IP mode file for SEGGER.I-CUBE-embOS.1.3.1
2023-05-01 22:33:46,269 [WARN] PackLoader:240 - Cannot read IP mode file for SEGGER.I-CUBE-embOS.1.3.0
2023-05-01 22:33:46,311 [WARN] PackLoader:240 - Cannot read IP mode file for STMicroelectronics.FP-ATR-ASTRA1.2.0.0
2023-05-01 22:33:46,312 [INFO] ThirdParty:978 - Integrity check success = true
2023-05-01 22:33:46,313 [INFO] IntegrityCheckThread:100 - exiting critical section [integrity check]
2023-05-01 22:33:46,313 [INFO] IntegrityCheckThread:103 - End integrity checks thread
2023-05-01 22:33:46,313 [INFO] ThirdParty:873 - entering critical section [close project]
2023-05-01 22:33:46,315 [INFO] ThirdParty:883 - exiting critical section [close project]
2023-05-01 22:33:46,323 [INFO] PinOutPanel:1499 - setPackage(No Configuration,No Configuration)
2023-05-01 22:33:46,330 [INFO] UtilMem:75 - Begin LoadConfig() Used Memory: 305764816 Bytes (414187520)
2023-05-01 22:33:46,342 [INFO] MicroXplorer:468 - Change Database Path : C:/Users/minhp/.stm32cubemx/databases/DB.6.0.80/db/
2023-05-01 22:33:46,342 [INFO] MicroXplorer:498 - Change Database Version : DB.6.0.80
2023-05-01 22:35:49,351 [INFO] MainUpdater:2854 - connection check result : 10
2023-05-01 22:35:49,351 [INFO] MainUpdater:2854 - connection check result : 10
2023-05-01 22:35:49,368 [INFO] MicroXplorer:468 - Change Database Path : 
2023-05-01 22:35:49,368 [INFO] MicroXplorer:498 - Change Database Version : DB.6.0.81
2023-05-01 22:35:49,368 [WARN] ThirdParty:871 - waiting for thirdparty lock release [close project]
2023-05-01 22:35:49,368 [INFO] ThirdParty:873 - entering critical section [close project]
2023-05-01 22:35:49,368 [INFO] ThirdParty:883 - exiting critical section [close project]
2023-05-01 22:35:49,369 [INFO] PinOutPanel:1499 - setPackage(No Configuration,No Configuration)
2023-05-01 22:35:49,369 [INFO] UtilMem:75 - Begin LoadConfig() Used Memory: 267855312 Bytes (414187520)
2023-05-01 22:35:49,379 [INFO] MicroXplorer:468 - Change Database Path : C:/Users/minhp/.stm32cubemx/databases/DB.6.0.80/db/
2023-05-01 22:35:49,379 [INFO] MicroXplorer:498 - Change Database Version : DB.6.0.80
2023-05-01 22:35:51,174 [INFO] OpenFileManager:308 - Change cursor
2023-05-01 22:35:51,217 [INFO] Mcu:1937 - Initializing MCU STM32F411R(C-E)Tx STM32F411RETx STM32F411RET6
2023-05-01 22:35:52,816 [INFO] Context:659 - Trying to add GPIOservice into a context  which must be forbidden
2023-05-01 22:35:53,730 [INFO] RtosManager:555 - Registered RTOS mode: class=CMSIS, group=RTOS, mode=CMSIS_V1, owner=FREERTOS
2023-05-01 22:35:53,731 [INFO] RtosManager:555 - Registered RTOS mode: class=CMSIS, group=RTOS2, mode=CMSIS_V2, owner=FREERTOS
2023-05-01 22:35:53,731 [INFO] RtosManager:555 - Registered RTOS mode: class=RTOS, group=Core, mode=CMSIS_V1, owner=FREERTOS
2023-05-01 22:35:53,731 [INFO] RtosManager:555 - Registered RTOS mode: class=RTOS, group=Core, mode=CMSIS_V2, owner=FREERTOS
2023-05-01 22:35:53,731 [WARN] ModelIntegratedComponent:184 - Missing modes for component STMicroelectronics:FreeRTOS:0.0.1:STMicroelectronics:RTOS:FreeRTOS:Core:::10.2.0:
2023-05-01 22:35:53,739 [WARN] ModelIntegratedComponent:182 - Modes not found for component STMicroelectronics:USB_HOST:1.0.0:STMicroelectronics:USB::USB Host:Audio HS::1.0:USB_HOST_1_0_RESTRICTED_HS
2023-05-01 22:35:53,739 [WARN] ModelIntegratedComponent:188 - Modes not found for component STMicroelectronics:USB_HOST:1.0.0:STMicroelectronics:USB::USB Host:Audio HS::1.0:USB_HOST_1_0_RESTRICTED_HS
2023-05-01 22:35:53,739 [WARN] ModelIntegratedComponent:182 - Modes not found for component STMicroelectronics:USB_HOST:1.0.0:STMicroelectronics:USB::USB Host:CDC HS::1.0:USB_HOST_1_0_RESTRICTED_HS
2023-05-01 22:35:53,739 [WARN] ModelIntegratedComponent:188 - Modes not found for component STMicroelectronics:USB_HOST:1.0.0:STMicroelectronics:USB::USB Host:CDC HS::1.0:USB_HOST_1_0_RESTRICTED_HS
2023-05-01 22:35:53,739 [WARN] ModelIntegratedComponent:182 - Modes not found for component STMicroelectronics:USB_HOST:1.0.0:STMicroelectronics:USB::USB Host:MSC HS::1.0:USB_HOST_1_0_RESTRICTED_HS
2023-05-01 22:35:53,739 [WARN] ModelIntegratedComponent:188 - Modes not found for component STMicroelectronics:USB_HOST:1.0.0:STMicroelectronics:USB::USB Host:MSC HS::1.0:USB_HOST_1_0_RESTRICTED_HS
2023-05-01 22:35:53,739 [WARN] ModelIntegratedComponent:182 - Modes not found for component STMicroelectronics:USB_HOST:1.0.0:STMicroelectronics:USB::USB Host:HID HS::1.0:USB_HOST_1_0_RESTRICTED_HS
2023-05-01 22:35:53,739 [WARN] ModelIntegratedComponent:188 - Modes not found for component STMicroelectronics:USB_HOST:1.0.0:STMicroelectronics:USB::USB Host:HID HS::1.0:USB_HOST_1_0_RESTRICTED_HS
2023-05-01 22:35:53,739 [WARN] ModelIntegratedComponent:182 - Modes not found for component STMicroelectronics:USB_HOST:1.0.0:STMicroelectronics:USB::USB Host:MTP HS::1.0:USB_HOST_1_0_RESTRICTED_HS
2023-05-01 22:35:53,739 [WARN] ModelIntegratedComponent:188 - Modes not found for component STMicroelectronics:USB_HOST:1.0.0:STMicroelectronics:USB::USB Host:MTP HS::1.0:USB_HOST_1_0_RESTRICTED_HS
2023-05-01 22:35:53,749 [WARN] ModelIntegratedComponent:63 - No mode defined for component null
2023-05-01 22:35:53,749 [WARN] ModelIntegratedComponent:63 - No mode defined for component null
2023-05-01 22:35:53,749 [WARN] ModelIntegratedComponent:63 - No mode defined for component null
2023-05-01 22:35:53,749 [WARN] ModelIntegratedComponent:63 - No mode defined for component null
2023-05-01 22:35:53,749 [WARN] ModelIntegratedComponent:63 - No mode defined for component null
2023-05-01 22:35:53,749 [WARN] ModelIntegratedComponent:63 - No mode defined for component null
2023-05-01 22:35:53,749 [WARN] ModelIntegratedComponent:63 - No mode defined for component null
2023-05-01 22:35:53,749 [WARN] ModelIntegratedComponent:63 - No mode defined for component null
2023-05-01 22:35:53,749 [WARN] ModelIntegratedComponent:63 - No mode defined for component null
2023-05-01 22:35:53,749 [WARN] ModelIntegratedComponent:63 - No mode defined for component null
2023-05-01 22:35:53,750 [WARN] ModelIntegratedComponent:63 - No mode defined for component null
2023-05-01 22:35:53,750 [WARN] ModelIntegratedComponent:63 - No mode defined for component null
2023-05-01 22:35:53,750 [WARN] ModelIntegratedComponent:63 - No mode defined for component null
2023-05-01 22:35:53,750 [WARN] ModelIntegratedComponent:63 - No mode defined for component null
2023-05-01 22:35:53,750 [WARN] ModelIntegratedComponent:63 - No mode defined for component null
2023-05-01 22:35:53,750 [WARN] ModelIntegratedComponent:63 - No mode defined for component null
2023-05-01 22:35:53,750 [WARN] ModelIntegratedComponent:63 - No mode defined for component null
2023-05-01 22:35:53,750 [WARN] ModelIntegratedComponent:63 - No mode defined for component null
2023-05-01 22:35:53,750 [WARN] ModelIntegratedComponent:63 - No mode defined for component null
2023-05-01 22:35:53,750 [WARN] ModelIntegratedComponent:63 - No mode defined for component null
2023-05-01 22:35:53,750 [WARN] ModelIntegratedComponent:63 - No mode defined for component null
2023-05-01 22:35:53,750 [WARN] ModelIntegratedComponent:63 - No mode defined for component null
2023-05-01 22:35:53,750 [WARN] ModelIntegratedComponent:63 - No mode defined for component null
2023-05-01 22:35:53,751 [WARN] ModelIntegratedComponent:63 - No mode defined for component null
2023-05-01 22:35:53,751 [WARN] ModelIntegratedComponent:63 - No mode defined for component null
2023-05-01 22:35:53,751 [WARN] ModelIntegratedComponent:63 - No mode defined for component null
2023-05-01 22:35:53,751 [WARN] ModelIntegratedComponent:63 - No mode defined for component null
2023-05-01 22:35:53,751 [WARN] ModelIntegratedComponent:63 - No mode defined for component null
2023-05-01 22:35:53,751 [WARN] ModelIntegratedComponent:63 - No mode defined for component null
2023-05-01 22:35:53,751 [WARN] ModelIntegratedComponent:63 - No mode defined for component null
2023-05-01 22:35:53,751 [WARN] ModelIntegratedComponent:63 - No mode defined for component null
2023-05-01 22:35:53,751 [WARN] ModelIntegratedComponent:63 - No mode defined for component null
2023-05-01 22:35:53,751 [WARN] ModelIntegratedComponent:63 - No mode defined for component null
2023-05-01 22:35:53,912 [WARN] ModelIntegratedComponent:182 - Modes not found for component STMicroelectronics:USB_DEVICE:1.0.0:STMicroelectronics:USB::USB Device:Audio HS::1.0:USB_DEVICE_1_0_RESTRICTED_HS
2023-05-01 22:35:53,912 [WARN] ModelIntegratedComponent:188 - Modes not found for component STMicroelectronics:USB_DEVICE:1.0.0:STMicroelectronics:USB::USB Device:Audio HS::1.0:USB_DEVICE_1_0_RESTRICTED_HS
2023-05-01 22:35:53,912 [WARN] ModelIntegratedComponent:182 - Modes not found for component STMicroelectronics:USB_DEVICE:1.0.0:STMicroelectronics:USB::USB Device:CDC HS::1.0:USB_DEVICE_1_0_RESTRICTED_HS
2023-05-01 22:35:53,912 [WARN] ModelIntegratedComponent:188 - Modes not found for component STMicroelectronics:USB_DEVICE:1.0.0:STMicroelectronics:USB::USB Device:CDC HS::1.0:USB_DEVICE_1_0_RESTRICTED_HS
2023-05-01 22:35:53,912 [WARN] ModelIntegratedComponent:182 - Modes not found for component STMicroelectronics:USB_DEVICE:1.0.0:STMicroelectronics:USB::USB Device:DFU HS::1.0:USB_DEVICE_1_0_RESTRICTED_HS
2023-05-01 22:35:53,912 [WARN] ModelIntegratedComponent:188 - Modes not found for component STMicroelectronics:USB_DEVICE:1.0.0:STMicroelectronics:USB::USB Device:DFU HS::1.0:USB_DEVICE_1_0_RESTRICTED_HS
2023-05-01 22:35:53,913 [WARN] ModelIntegratedComponent:182 - Modes not found for component STMicroelectronics:USB_DEVICE:1.0.0:STMicroelectronics:USB::USB Device:HID HS::1.0:USB_DEVICE_1_0_RESTRICTED_HS
2023-05-01 22:35:53,913 [WARN] ModelIntegratedComponent:188 - Modes not found for component STMicroelectronics:USB_DEVICE:1.0.0:STMicroelectronics:USB::USB Device:HID HS::1.0:USB_DEVICE_1_0_RESTRICTED_HS
2023-05-01 22:35:53,913 [WARN] ModelIntegratedComponent:182 - Modes not found for component STMicroelectronics:USB_DEVICE:1.0.0:STMicroelectronics:USB::USB Device:Custom HID HS::1.0:USB_DEVICE_1_0_RESTRICTED_HS
2023-05-01 22:35:53,913 [WARN] ModelIntegratedComponent:188 - Modes not found for component STMicroelectronics:USB_DEVICE:1.0.0:STMicroelectronics:USB::USB Device:Custom HID HS::1.0:USB_DEVICE_1_0_RESTRICTED_HS
2023-05-01 22:35:53,913 [WARN] ModelIntegratedComponent:182 - Modes not found for component STMicroelectronics:USB_DEVICE:1.0.0:STMicroelectronics:USB::USB Device:MSC HS::1.0:USB_DEVICE_1_0_RESTRICTED_HS
2023-05-01 22:35:53,913 [WARN] ModelIntegratedComponent:188 - Modes not found for component STMicroelectronics:USB_DEVICE:1.0.0:STMicroelectronics:USB::USB Device:MSC HS::1.0:USB_DEVICE_1_0_RESTRICTED_HS
2023-05-01 22:35:53,949 [INFO] ThirdPartyModel:298 - Start build external matchings
2023-05-01 22:35:55,367 [INFO] ThirdPartyModel:316 - End build external matchings
2023-05-01 22:35:55,389 [INFO] RtosManager:919 - Current active RTOS is FREERTOS [Cortex-M4NS]
2023-05-01 22:35:55,412 [INFO] ImportTextPane:194 - (OptionalMessage_ERROR) IP (DMA) : Parameter (Instance) has Id (SPI1_RX) currently not set
2023-05-01 22:35:55,415 [INFO] ImportTextPane:194 - (OptionalMessage_ERROR) IP (DMA) : Parameter (Channel) has Id (SPI1_RX) currently not set
2023-05-01 22:35:55,415 [INFO] ImportTextPane:194 - (OptionalMessage_ERROR) IP (DMA) : Parameter (Direction) has Id (SPI1_RX) currently not set
2023-05-01 22:35:55,415 [INFO] ImportTextPane:194 - (OptionalMessage_ERROR) IP (DMA) : Parameter (PeriphInc) has Id (SPI1_RX) currently not set
2023-05-01 22:35:55,415 [INFO] ImportTextPane:194 - (OptionalMessage_ERROR) IP (DMA) : Parameter (MemInc) has Id (SPI1_RX) currently not set
2023-05-01 22:35:55,416 [INFO] ImportTextPane:194 - (OptionalMessage_ERROR) IP (DMA) : Parameter (PeriphDataAlignment) has Id (SPI1_RX) currently not set
2023-05-01 22:35:55,416 [INFO] ImportTextPane:194 - (OptionalMessage_ERROR) IP (DMA) : Parameter (MemDataAlignment) has Id (SPI1_RX) currently not set
2023-05-01 22:35:55,416 [INFO] ImportTextPane:194 - (OptionalMessage_ERROR) IP (DMA) : Parameter (Mode) has Id (SPI1_RX) currently not set
2023-05-01 22:35:55,416 [INFO] ImportTextPane:194 - (OptionalMessage_ERROR) IP (DMA) : Parameter (Priority) has Id (SPI1_RX) currently not set
2023-05-01 22:35:55,417 [INFO] ImportTextPane:194 - (OptionalMessage_ERROR) IP (DMA) : Parameter (FIFOMode) has Id (SPI1_RX) currently not set
2023-05-01 22:35:55,417 [INFO] ImportTextPane:194 - (OptionalMessage_ERROR) IP (DMA) : Parameter (FIFOThreshold) has Id (SPI1_RX) currently not set
2023-05-01 22:35:55,417 [INFO] ImportTextPane:194 - (OptionalMessage_ERROR) IP (DMA) : Parameter (FIFOThreshold) has invalid value (null)
2023-05-01 22:35:55,418 [INFO] ImportTextPane:194 - (OptionalMessage_ERROR) IP (DMA) : Parameter (MemBurst) has Id (SPI1_RX) currently not set
2023-05-01 22:35:55,418 [INFO] ImportTextPane:194 - (OptionalMessage_ERROR) IP (DMA) : Parameter (MemBurst) has invalid value (null)
2023-05-01 22:35:55,418 [INFO] ImportTextPane:194 - (OptionalMessage_ERROR) IP (DMA) : Parameter (PeriphBurst) has Id (SPI1_RX) currently not set
2023-05-01 22:35:55,418 [INFO] ImportTextPane:194 - (OptionalMessage_ERROR) IP (DMA) : Parameter (PeriphBurst) has invalid value (null)
2023-05-01 22:35:55,418 [INFO] ImportTextPane:194 - (OptionalMessage_ERROR) IP (DMA) : Parameter (Instance) has Id (SPI1_TX) currently not set
2023-05-01 22:35:55,419 [INFO] ImportTextPane:194 - (OptionalMessage_ERROR) IP (DMA) : Parameter (Channel) has Id (SPI1_TX) currently not set
2023-05-01 22:35:55,419 [INFO] ImportTextPane:194 - (OptionalMessage_ERROR) IP (DMA) : Parameter (Direction) has Id (SPI1_TX) currently not set
2023-05-01 22:35:55,419 [INFO] ImportTextPane:194 - (OptionalMessage_ERROR) IP (DMA) : Parameter (PeriphInc) has Id (SPI1_TX) currently not set
2023-05-01 22:35:55,419 [INFO] ImportTextPane:194 - (OptionalMessage_ERROR) IP (DMA) : Parameter (MemInc) has Id (SPI1_TX) currently not set
2023-05-01 22:35:55,420 [INFO] ImportTextPane:194 - (OptionalMessage_ERROR) IP (DMA) : Parameter (PeriphDataAlignment) has Id (SPI1_TX) currently not set
2023-05-01 22:35:55,420 [INFO] ImportTextPane:194 - (OptionalMessage_ERROR) IP (DMA) : Parameter (MemDataAlignment) has Id (SPI1_TX) currently not set
2023-05-01 22:35:55,420 [INFO] ImportTextPane:194 - (OptionalMessage_ERROR) IP (DMA) : Parameter (Mode) has Id (SPI1_TX) currently not set
2023-05-01 22:35:55,420 [INFO] ImportTextPane:194 - (OptionalMessage_ERROR) IP (DMA) : Parameter (Priority) has Id (SPI1_TX) currently not set
2023-05-01 22:35:55,420 [INFO] ImportTextPane:194 - (OptionalMessage_ERROR) IP (DMA) : Parameter (FIFOMode) has Id (SPI1_TX) currently not set
2023-05-01 22:35:55,420 [INFO] ImportTextPane:194 - (OptionalMessage_ERROR) IP (DMA) : Parameter (FIFOThreshold) has Id (SPI1_TX) currently not set
2023-05-01 22:35:55,421 [INFO] ImportTextPane:194 - (OptionalMessage_ERROR) IP (DMA) : Parameter (FIFOThreshold) has invalid value (null)
2023-05-01 22:35:55,421 [INFO] ImportTextPane:194 - (OptionalMessage_ERROR) IP (DMA) : Parameter (MemBurst) has Id (SPI1_TX) currently not set
2023-05-01 22:35:55,421 [INFO] ImportTextPane:194 - (OptionalMessage_ERROR) IP (DMA) : Parameter (MemBurst) has invalid value (null)
2023-05-01 22:35:55,421 [INFO] ImportTextPane:194 - (OptionalMessage_ERROR) IP (DMA) : Parameter (PeriphBurst) has Id (SPI1_TX) currently not set
2023-05-01 22:35:55,421 [INFO] ImportTextPane:194 - (OptionalMessage_ERROR) IP (DMA) : Parameter (PeriphBurst) has invalid value (null)
2023-05-01 22:35:55,438 [INFO] ImportTextPane:194 - (OptionalMessage_ERROR) IP (RCC) : Parameter (48MHZClocksFreq_Value) has invalid value (50000000)
2023-05-01 22:35:55,440 [INFO] ImportTextPane:194 - (OptionalMessage_ERROR) IP (RCC) : Parameter (FLatency) has Id (AdvancedSettings) currently not set
2023-05-01 22:35:55,440 [INFO] ImportTextPane:194 - (OptionalMessage_ERROR) IP (RCC) : Parameter (RTCHSEDivFreq_Value) has invalid value (4000000)
2023-05-01 22:35:55,843 [INFO] UtilMem:75 - End LoadConfig() Used Memory: 262552952 Bytes (414187520)
2023-05-01 22:35:56,042 [INFO] ApiDb:581 - Connected to CubeFinder SQLite database (C:\Users\minhp\.stmcufinder\plugins\mcufinder\mcu\cube-finder-db.db)
2023-05-01 22:35:56,169 [INFO] ApiDb:668 - CubeFinder database Data Model version=2.1
2023-05-01 22:35:56,169 [INFO] ApiDb:669 - CubeFinder database Configuration version=3.0.35
2023-05-01 22:35:56,169 [INFO] ApiDb:670 - CubeFinder database generation date=2023-04-03 (1680511692)
2023-05-01 22:35:56,169 [INFO] ApiDb:671 - CubeFinder database FW Pack versions=[FP-ATR-ASTRA1_V2.0.0, STM32Cube_FW_C0_V1.0.1, STM32Cube_FW_F0_V1.11.4, STM32Cube_FW_F3_V1.11.4, STM32Cube_FW_F4_V1.27.1, STM32Cube_FW_F7_V1.17.0, STM32Cube_FW_G0_V1.6.1, STM32Cube_FW_G4_V1.5.1, STM32Cube_FW_H5_V0.5.1, STM32Cube_FW_H5_V1.0.0, STM32Cube_FW_H7_V1.11.0, STM32Cube_FW_L0_V1.12.2, STM32Cube_FW_L5_V1.5.0, STM32Cube_FW_U5_V1.2.0, STM32Cube_FW_WBA_V1.0.0, STM32Cube_FW_WBA_V1.0.0RC1, STM32Cube_FW_WBA_V1.0.0RC3, STM32Cube_FW_WB_V1.15.0RC1, STM32Cube_FW_WB_V1.16.0, STM32Cube_FW_WB_V1.16.0RC2, STM32Cube_FW_WL_V1.3.0, X-CUBE-ALGOBUILD_V1.3.0, X-CUBE-ALS_V1.0.1, X-CUBE-AZRTOS-F4_V1.1.0, X-CUBE-AZRTOS-F7_V1.1.0, X-CUBE-AZRTOS-G0_V1.1.0, X-CUBE-AZRTOS-G4_V1.0.0, X-CUBE-AZRTOS-H7_V3.0.0, X-CUBE-AZRTOS-L4_V1.0.0, X-CUBE-AZRTOS-L5_V1.1.0, X-CUBE-AZRTOS-WB_V1.1.0, X-CUBE-AZRTOS-WL_V1.0.0, X-CUBE-BLE1_V6.2.4, X-CUBE-BLE2_V3.3.0, X-CUBE-BLEMGR_V1.3.0, X-CUBE-EEPRMA1_V4.1.0, X-CUBE-FREERTOS_V1.0.1, X-CUBE-GNSS1_V6.0.0, X-CUBE-MEMS1_V9.1.0, X-CUBE-MEMS1_V9.4.0, X-CUBE-MEMS1_V9.5.0, X-CUBE-NFC4_V3.0.0, X-CUBE-NFC7_V1.0.0, X-CUBE-SFXS2LP1_V4.0.0, X-CUBE-SUBG2_V5.0.0]
2023-05-01 22:35:58,725 [INFO] ApiDb:240 - Found 297 in-development CPN: [B-G473E-ZEST1S, B-WB1M-WPAN1, B-WL5M-SUBG1, NUCLEO-C031C6, NUCLEO-H503RB, NUCLEO-H563ZI, NUCLEO-U545RE-Q, NUCLEO-U5A5ZJ-Q, NUCLEO-WBA52CG, STEVAL-PROTEUS1, STEVAL-STWINBX1, STM320518-EVAL, STM32C0116-DK, STM32C011D6Y3TR, STM32C011D6Y6TR, STM32C011F4P3, STM32C011F4P6, STM32C011F4U3, STM32C011F4U6TR, STM32C011F6P3, STM32C011F6P6, STM32C011F6U3, STM32C011F6U6TR, STM32C011J4M3, STM32C011J4M6, STM32C011J6M3, STM32C011J6M6, STM32C0316-DK, STM32C031C4T3, STM32C031C4T6, STM32C031C4U3, STM32C031C4U6, STM32C031C6T3, STM32C031C6T6, STM32C031C6U3, STM32C031C6U6, STM32C031F4P3, STM32C031F4P6, STM32C031F6P3, STM32C031F6P6, STM32C031G4U3, STM32C031G4U6, STM32C031G6U3, STM32C031G6U6, STM32C031K4T3, STM32C031K4T6, STM32C031K4U3, STM32C031K4U6, STM32C031K6T3, STM32C031K6T6, STM32C031K6U3, STM32C031K6U6, STM32G071K8TXN, STM32G071K8UXN, STM32G081GBU6N, STM32G081KBT6N, STM32G081KBUXN, STM32G0B1CCT6N, STM32G0B1KCT6, STM32G0B1NEY6TR, STM32G0B1RCT6N, STM32G0C1CCT6, STM32G0C1CCT6N, STM32G0C1CCU6N, STM32G0C1CET6N, STM32G0C1CEU6N, STM32G0C1KCT6, STM32G0C1NEY6TR, STM32G0C1RCI6N, STM32G0C1RCT6N, STM32G0C1REI6N, STM32G0C1RET6N, STM32G0C1VCI6, STM32G0C1VEI6, STM32G471CCT6, STM32G471CCU6, STM32G471CET3, STM32G471CET6, STM32G471CEU3, STM32G471CEU6, STM32G471MCT6, STM32G471MET3, STM32G471MET6, STM32G471MEY6TR, STM32G471QCT6, STM32G471QET3, STM32G471RCT6, STM32G471RET3, STM32G471RET6, STM32G471VCH6, STM32G471VCI6, STM32G471VCT6, STM32G471VEH3, STM32G471VEH6, STM32G471VEI3, STM32G471VEI6, STM32G471VET3, STM32G471VET6, STM32G474CCT6, STM32H503CBT6, STM32H503CBU6, STM32H503EBY6TR, STM32H503KBU6, STM32H503RBT6, STM32H562AGI6, STM32H562AII6, STM32H562IGK6, STM32H562IGT6, STM32H562IIK6, STM32H562IIT6, STM32H562RGT6, STM32H562RGV6, STM32H562RIT6, STM32H562RIV6, STM32H562VGT6, STM32H562VIT6, STM32H562ZGT6, STM32H562ZIT6, STM32H563AGI6, STM32H563AII3Q, STM32H563AII6, STM32H563IGK6, STM32H563IGT6, STM32H563IIK3Q, STM32H563IIK6, STM32H563IIT3Q, STM32H563IIT6, STM32H563MIY3QTR, STM32H563RGT6, STM32H563RGV6, STM32H563RIT6, STM32H563RIV6, STM32H563VGT6, STM32H563VIT3Q, STM32H563VIT6, STM32H563ZGT6, STM32H563ZIT3Q, STM32H563ZIT6, STM32H573AII3Q, STM32H573AII6, STM32H573I-DK, STM32H573IIK3Q, STM32H573IIK6, STM32H573IIT3Q, STM32H573IIT6, STM32H573MIY3QTR, STM32H573RIT6, STM32H573RIV6, STM32H573VIT3Q, STM32H573VIT6, STM32H573ZIT3Q, STM32H573ZIT6, STM32L4R5QGI6STR, STM32MP131AAE3, STM32MP131AAF3, STM32MP131AAG3, STM32MP131CAE3, STM32MP131CAF3, STM32MP131CAG3, STM32MP131DAE7, STM32MP131DAF7, STM32MP131DAG7, STM32MP131FAE7, STM32MP131FAF7, STM32MP131FAG7, STM32MP133AAE3, STM32MP133AAF3, STM32MP133AAG3, STM32MP133CAE3, STM32MP133CAF3, STM32MP133CAG3, STM32MP133DAE7, STM32MP133DAF7, STM32MP133DAG7, STM32MP133FAE7, STM32MP133FAF7, STM32MP133FAG7, STM32MP135AAE3, STM32MP135AAF3, STM32MP135AAG3, STM32MP135CAE3, STM32MP135CAF3, STM32MP135CAG3, STM32MP135DAE7, STM32MP135DAF7, STM32MP135DAG7, STM32MP135F-DK, STM32MP135FAE7, STM32MP135FAF7, STM32MP135FAF7T, STM32MP135FAF7U, STM32MP135FAG7, STM32U535CBT6, STM32U535CBT6Q, STM32U535CBU6, STM32U535CBU6Q, STM32U535CCT6, STM32U535CCT6Q, STM32U535CCU6, STM32U535CCU6Q, STM32U535CET6, STM32U535CET6Q, STM32U535CEU6, STM32U535CEU6Q, STM32U535JEY6QTR, STM32U535NCY6QTR, STM32U535NEY6QTR, STM32U535RBI6, STM32U535RBI6Q, STM32U535RBT6, STM32U535RBT6Q, STM32U535RCI6, STM32U535RCI6Q, STM32U535RCT6, STM32U535RCT6Q, STM32U535REI6, STM32U535REI6Q, STM32U535RET6, STM32U535RET6Q, STM32U535VCI6, STM32U535VCI6Q, STM32U535VCT6, STM32U535VCT6Q, STM32U535VEI6, STM32U535VEI6Q, STM32U535VET6, STM32U535VET6Q, STM32U545CET6, STM32U545CET6Q, STM32U545CEU6, STM32U545CEU6Q, STM32U545JEY6QTR, STM32U545NEY6QTR, STM32U545REI6, STM32U545REI6Q, STM32U545RET6, STM32U545RET6Q, STM32U545VEI6, STM32U545VEI6Q, STM32U545VET6, STM32U545VET6Q, STM32U595AIH6, STM32U595AIH6Q, STM32U595AJH6, STM32U595AJH6Q, STM32U595QII6, STM32U595QII6Q, STM32U595QJI6, STM32U595QJI6Q, STM32U595RIT6, STM32U595RIT6Q, STM32U595RJT6, STM32U595RJT6Q, STM32U595VIT6, STM32U595VIT6Q, STM32U595VJT6, STM32U595VJT6Q, STM32U595ZIT6, STM32U595ZIT6Q, STM32U595ZIY6QTR, STM32U595ZJT6, STM32U595ZJT6Q, STM32U595ZJY6QTR, STM32U599BJY6QTR, STM32U599NIH6Q, STM32U599NJH6Q, STM32U599VIT6Q, STM32U599VJT6, STM32U599VJT6Q, STM32U599ZIT6Q, STM32U599ZIY6QTR, STM32U599ZJT6Q, STM32U599ZJY6QTR, STM32U5A5AJH6, STM32U5A5AJH6Q, STM32U5A5QJI6, STM32U5A5QJI6Q, STM32U5A5RJT6, STM32U5A5RJT6Q, STM32U5A5VJT6, STM32U5A5VJT6Q, STM32U5A5ZJT6, STM32U5A5ZJT6Q, STM32U5A5ZJY6QTR, STM32U5A9BJY6QTR, STM32U5A9J-DK, STM32U5A9NJH6Q, STM32U5A9VJT6Q, STM32U5A9ZJT6Q, STM32U5A9ZJY6QTR, STM32WB1MMCH6, STM32WBA52CEU6, STM32WBA52CEU6T, STM32WBA52CGU6, STM32WBA52CGU6T, STM32WL5MOCH6, STM32WL5MOCH6TR]
2023-05-01 22:35:58,728 [INFO] DbMcus:216 - Found 3775 MCUs, 3775 are supported
2023-05-01 22:35:58,730 [INFO] ApiDb:423 - Load user favorites file C:\Users\minhp/.stm32cubeide/favorites.mcus.txt: 0 item(s)
2023-05-01 22:35:58,730 [INFO] ApiDb:427 - User favorites MCUs=[]
2023-05-01 22:35:58,730 [INFO] DbMcus:222 - Set 0 / 0 favorites MCUs
2023-05-01 22:35:59,243 [WARN] ThirdParty:833 - waiting for thirdparty lock release [change project]
2023-05-01 22:35:59,243 [INFO] ThirdParty:835 - entering critical section [change project]
2023-05-01 22:35:59,243 [INFO] ThirdParty:1030 - CMSIS Pack Vendor :STMicroelectronics X-CUBE-ISPU 1.1.0
2023-05-01 22:35:59,243 [INFO] ThirdParty:1030 - CMSIS Pack Vendor :RoweBots I-CUBE-UNISONRTOS 5.5.0-4
2023-05-01 22:35:59,243 [INFO] ThirdParty:1030 - CMSIS Pack Vendor :STMicroelectronics X-CUBE-GNSS1 6.0.0
2023-05-01 22:35:59,243 [INFO] ThirdParty:1030 - CMSIS Pack Vendor :STMicroelectronics USB_HOST 2.0.0
2023-05-01 22:35:59,243 [INFO] ThirdParty:1030 - CMSIS Pack Vendor :STMicroelectronics X-CUBE-AZRTOS-F4 1.1.0
2023-05-01 22:35:59,243 [INFO] ThirdParty:1030 - CMSIS Pack Vendor :STMicroelectronics LIBJPEG 8.0.0
2023-05-01 22:35:59,243 [INFO] ThirdParty:1030 - CMSIS Pack Vendor :STMicroelectronics X-CUBE-SMBUS 2.1.0
2023-05-01 22:35:59,243 [INFO] ThirdParty:1030 - CMSIS Pack Vendor :STMicroelectronics USB_DEVICE 3.0.0
2023-05-01 22:35:59,243 [INFO] ThirdParty:1030 - CMSIS Pack Vendor :STMicroelectronics X-CUBE-AI 8.0.0
2023-05-01 22:35:59,243 [INFO] ThirdParty:1030 - CMSIS Pack Vendor :STMicroelectronics X-CUBE-FREERTOS 1.0.1
2023-05-01 22:35:59,244 [INFO] ThirdParty:1030 - CMSIS Pack Vendor :STMicroelectronics X-CUBE-TOUCHGFX 4.21.0
2023-05-01 22:35:59,244 [INFO] ThirdParty:1030 - CMSIS Pack Vendor :STMicroelectronics X-CUBE-TOUCHGFX 4.21.3
2023-05-01 22:35:59,244 [INFO] ThirdParty:1030 - CMSIS Pack Vendor :STMicroelectronics X-CUBE-AZRTOS-F7 1.1.0
2023-05-01 22:35:59,244 [INFO] ThirdParty:1030 - CMSIS Pack Vendor :STMicroelectronics X-CUBE-MEMS1 9.4.0
2023-05-01 22:35:59,244 [INFO] ThirdParty:1030 - CMSIS Pack Vendor :STMicroelectronics USB_DEVICE 2.0.0
2023-05-01 22:35:59,244 [INFO] ThirdParty:1030 - CMSIS Pack Vendor :STMicroelectronics X-CUBE-MEMS1 9.6.0
2023-05-01 22:35:59,244 [INFO] ThirdParty:1030 - CMSIS Pack Vendor :STMicroelectronics X-CUBE-AI 7.3.0
2023-05-01 22:35:59,244 [INFO] ThirdParty:1030 - CMSIS Pack Vendor :STMicroelectronics X-CUBE-ALGOBUILD 1.3.0
2023-05-01 22:35:59,244 [INFO] ThirdParty:1030 - CMSIS Pack Vendor :STMicroelectronics X-CUBE-BLE1 6.2.4
2023-05-01 22:35:59,244 [INFO] ThirdParty:1030 - CMSIS Pack Vendor :STMicroelectronics X-CUBE-AZRTOS-L5 1.1.0
2023-05-01 22:35:59,244 [INFO] ThirdParty:1030 - CMSIS Pack Vendor :STMicroelectronics FreeRTOS 0.0.1
2023-05-01 22:35:59,244 [INFO] ThirdParty:1030 - CMSIS Pack Vendor :emotas I-CUBE-CANOPEN 1.1.3
2023-05-01 22:35:59,245 [INFO] ThirdParty:1030 - CMSIS Pack Vendor :STMicroelectronics X-CUBE-AZRTOS-G0 1.1.0
2023-05-01 22:35:59,245 [INFO] ThirdParty:1030 - CMSIS Pack Vendor :STMicroelectronics X-CUBE-BLEMGR 2.0.0
2023-05-01 22:35:59,245 [INFO] ThirdParty:1030 - CMSIS Pack Vendor :STMicroelectronics X-CUBE-SUBG2 5.0.0
2023-05-01 22:35:59,245 [INFO] ThirdParty:1030 - CMSIS Pack Vendor :STMicroelectronics X-CUBE-NFC4 3.0.0
2023-05-01 22:35:59,245 [INFO] ThirdParty:1030 - CMSIS Pack Vendor :STMicroelectronics STM32_WPAN 1.0.0
2023-05-01 22:35:59,245 [INFO] ThirdParty:1030 - CMSIS Pack Vendor :STMicroelectronics lwIP 2.0.3
2023-05-01 22:35:59,245 [INFO] ThirdParty:1030 - CMSIS Pack Vendor :STMicroelectronics X-CUBE-NFC4 2.0.5
2023-05-01 22:35:59,245 [INFO] ThirdParty:1030 - CMSIS Pack Vendor :STMicroelectronics USB_HOST 1.0.0
2023-05-01 22:35:59,245 [INFO] ThirdParty:1030 - CMSIS Pack Vendor :STMicroelectronics X-CUBE-AZRTOS-G4 2.0.0
2023-05-01 22:35:59,246 [INFO] ThirdParty:1030 - CMSIS Pack Vendor :STMicroelectronics PDM2PCM 3.1.0
2023-05-01 22:35:59,246 [INFO] ThirdParty:1030 - CMSIS Pack Vendor :STMicroelectronics X-CUBE-AZRTOS-H7 3.1.0
2023-05-01 22:35:59,246 [INFO] ThirdParty:1030 - CMSIS Pack Vendor :STMicroelectronics X-CUBE-TOF1 3.3.0
2023-05-01 22:35:59,246 [INFO] ThirdParty:1030 - CMSIS Pack Vendor :STMicroelectronics FP-ATR-ASTRA1 1.1.1
2023-05-01 22:35:59,246 [INFO] ThirdParty:1030 - CMSIS Pack Vendor :STMicroelectronics PDM2PCM 3.3.0
2023-05-01 22:35:59,246 [INFO] ThirdParty:1030 - CMSIS Pack Vendor :STMicroelectronics X-CUBE-DISPLAY 3.0.0
2023-05-01 22:35:59,246 [INFO] ThirdParty:1030 - CMSIS Pack Vendor :STMicroelectronics X-CUBE-BLEMGR 1.3.0
2023-05-01 22:35:59,247 [INFO] ThirdParty:1030 - CMSIS Pack Vendor :STMicroelectronics X-CUBE-AZRTOS-G4 1.0.0
2023-05-01 22:35:59,247 [INFO] ThirdParty:1030 - CMSIS Pack Vendor :STMicroelectronics FP-ATR-SIGFOX1 3.2.0
2023-05-01 22:35:59,247 [INFO] ThirdParty:1030 - CMSIS Pack Vendor :wolfSSL I-CUBE-wolfSSL 5.5.4
2023-05-01 22:35:59,247 [INFO] ThirdParty:1030 - CMSIS Pack Vendor :STMicroelectronics X-CUBE-AZRTOS-L4 1.0.0
2023-05-01 22:35:59,248 [INFO] ThirdParty:1030 - CMSIS Pack Vendor :STMicroelectronics HAL Drivers 0.0.0
2023-05-01 22:35:59,248 [INFO] ThirdParty:1030 - CMSIS Pack Vendor :STMicroelectronics MBEDTLS 2.16.2
2023-05-01 22:35:59,248 [INFO] ThirdParty:1030 - CMSIS Pack Vendor :STMicroelectronics MBEDTLS 2.14.1
2023-05-01 22:35:59,267 [INFO] ThirdParty:1030 - CMSIS Pack Vendor :STMicroelectronics X-CUBE-NFC7 1.0.0
2023-05-01 22:35:59,267 [INFO] ThirdParty:1030 - CMSIS Pack Vendor :STMicroelectronics X-CUBE-AZRTOS-WL 1.0.0
2023-05-01 22:35:59,267 [INFO] ThirdParty:1030 - CMSIS Pack Vendor :STMicroelectronics X-CUBE-EEPRMA1 4.1.0
2023-05-01 22:35:59,267 [INFO] ThirdParty:1030 - CMSIS Pack Vendor :portGmbH I-Cube-SoM-uGOAL 1.1.0
2023-05-01 22:35:59,267 [INFO] ThirdParty:1030 - CMSIS Pack Vendor :STMicroelectronics X-CUBE-ALS 1.0.1
2023-05-01 22:35:59,267 [INFO] ThirdParty:1030 - CMSIS Pack Vendor :STMicroelectronics X-CUBE-MEMS1 9.5.0
2023-05-01 22:35:59,267 [INFO] ThirdParty:1030 - CMSIS Pack Vendor :STMicroelectronics ThreadX 1.0.0
2023-05-01 22:35:59,267 [INFO] ThirdParty:1030 - CMSIS Pack Vendor :STMicroelectronics X-CUBE-AZRTOS-WB 1.1.0
2023-05-01 22:35:59,267 [INFO] ThirdParty:1030 - CMSIS Pack Vendor :SEGGER I-CUBE-embOS 1.3.1
2023-05-01 22:35:59,268 [INFO] ThirdParty:1030 - CMSIS Pack Vendor :STMicroelectronics USB_DEVICE 1.0.0
2023-05-01 22:35:59,268 [INFO] ThirdParty:1030 - CMSIS Pack Vendor :SEGGER I-CUBE-embOS 1.3.0
2023-05-01 22:35:59,268 [INFO] ThirdParty:1030 - CMSIS Pack Vendor :STMicroelectronics ThreadX 0.0.2
2023-05-01 22:35:59,268 [INFO] ThirdParty:1030 - CMSIS Pack Vendor :WES I-CUBE-Cesium 1.3.0
2023-05-01 22:35:59,268 [INFO] ThirdParty:1030 - CMSIS Pack Vendor :STMicroelectronics FP-ATR-ASTRA1 2.0.0
2023-05-01 22:35:59,268 [INFO] ThirdParty:1030 - CMSIS Pack Vendor :STMicroelectronics lwIP 2.1.2
2023-05-01 22:35:59,268 [INFO] ThirdParty:1030 - CMSIS Pack Vendor :STMicroelectronics X-CUBE-SFXS2LP1 4.0.0
2023-05-01 22:35:59,268 [INFO] ThirdParty:1030 - CMSIS Pack Vendor :STMicroelectronics X-CUBE-BLE2 3.3.0
2023-05-01 22:35:59,268 [INFO] ThirdParty:1030 - CMSIS Pack Vendor :STMicroelectronics X-CUBE-DISPLAY 2.2.0
2023-05-01 22:35:59,268 [INFO] ThirdParty:1030 - CMSIS Pack Vendor :STMicroelectronics X-CUBE-TOF1 3.2.0
2023-05-01 22:35:59,268 [INFO] ThirdParty:1030 - CMSIS Pack Vendor :STMicroelectronics PDM2PCM 3.2.0
2023-05-01 22:35:59,269 [INFO] ThirdParty:1030 - CMSIS Pack Vendor :STMicroelectronics X-CUBE-AZRTOS-H7 3.0.0
2023-05-01 22:35:59,269 [INFO] ThirdParty:841 - exiting critical section [change project]
2023-05-01 22:35:59,714 [INFO] PinOutPanel:1499 - setPackage(No Configuration,No Configuration)
2023-05-01 22:35:59,717 [INFO] PinOutPanel:1499 - setPackage(STM32F411RETx,LQFP64)
2023-05-01 22:36:00,733 [INFO] UtilMem:75 - Before build in PCC Used Memory: 338842176 Bytes (414187520)
2023-05-01 22:36:01,880 [INFO] UtilMem:75 - After build in PCC Used Memory: 236850776 Bytes (414187520)
2023-05-01 22:36:02,070 [INFO] ApiDbMcu:507 - Load IP Config File for FREERTOS
2023-05-01 22:36:02,121 [INFO] IPUIPlugin:80 - create IPUIPlugin
2023-05-01 22:36:02,121 [INFO] IPUIPlugin:80 - create IPUIPlugin
2023-05-01 22:36:02,121 [INFO] IPUIPlugin:80 - create IPUIPlugin
2023-05-01 22:36:02,122 [INFO] IPUIPlugin:80 - create IPUIPlugin
2023-05-01 22:36:02,122 [INFO] IPUIPlugin:80 - create IPUIPlugin
2023-05-01 22:36:02,123 [INFO] IPUIPlugin:80 - create IPUIPlugin
2023-05-01 22:36:02,123 [INFO] IPUIPlugin:80 - create IPUIPlugin
2023-05-01 22:36:02,123 [INFO] IPUIPlugin:80 - create IPUIPlugin
2023-05-01 22:36:02,125 [INFO] IPUIPlugin:80 - create IPUIPlugin
2023-05-01 22:36:02,125 [INFO] IPUIPlugin:80 - create IPUIPlugin
2023-05-01 22:36:02,128 [INFO] IPUIPlugin:80 - create IPUIPlugin
2023-05-01 22:36:02,128 [INFO] IPUIPlugin:80 - create IPUIPlugin
2023-05-01 22:36:02,128 [INFO] IPUIPlugin:80 - create IPUIPlugin
2023-05-01 22:36:02,129 [INFO] IPUIPlugin:80 - create IPUIPlugin
2023-05-01 22:36:02,130 [INFO] IPUIPlugin:80 - create IPUIPlugin
2023-05-01 22:36:02,131 [INFO] IPUIPlugin:80 - create IPUIPlugin
2023-05-01 22:36:02,131 [INFO] IPUIPlugin:80 - create IPUIPlugin
2023-05-01 22:36:02,131 [INFO] IPUIPlugin:80 - create IPUIPlugin
2023-05-01 22:36:02,132 [INFO] IPUIPlugin:80 - create IPUIPlugin
2023-05-01 22:36:02,132 [INFO] IPUIPlugin:80 - create IPUIPlugin
2023-05-01 22:36:02,132 [INFO] IPUIPlugin:80 - create IPUIPlugin
2023-05-01 22:36:02,133 [INFO] IPUIPlugin:80 - create IPUIPlugin
2023-05-01 22:36:02,133 [INFO] IPUIPlugin:80 - create IPUIPlugin
2023-05-01 22:36:02,134 [INFO] IPUIPlugin:80 - create IPUIPlugin
2023-05-01 22:36:02,134 [INFO] IPUIPlugin:80 - create IPUIPlugin
2023-05-01 22:36:02,134 [INFO] IPUIPlugin:80 - create IPUIPlugin
2023-05-01 22:36:02,135 [INFO] IPUIPlugin:80 - create IPUIPlugin
2023-05-01 22:36:02,136 [INFO] IPUIPlugin:80 - create IPUIPlugin
2023-05-01 22:36:02,136 [INFO] IPUIPlugin:80 - create IPUIPlugin
2023-05-01 22:36:02,137 [INFO] IPUIPlugin:80 - create IPUIPlugin
2023-05-01 22:36:02,137 [INFO] IPUIPlugin:80 - create IPUIPlugin
2023-05-01 22:36:02,138 [INFO] IPUIPlugin:80 - create IPUIPlugin
2023-05-01 22:36:02,138 [INFO] IPUIPlugin:80 - create IPUIPlugin
2023-05-01 22:36:02,139 [INFO] IPUIPlugin:80 - create IPUIPlugin
2023-05-01 22:36:02,139 [INFO] IPUIPlugin:80 - create IPUIPlugin
2023-05-01 22:36:02,140 [INFO] IPUIPlugin:80 - create IPUIPlugin
2023-05-01 22:36:02,140 [INFO] IPUIPlugin:80 - create IPUIPlugin
2023-05-01 22:36:02,141 [INFO] IPUIPlugin:80 - create IPUIPlugin
2023-05-01 22:36:02,141 [INFO] IPUIPlugin:80 - create IPUIPlugin
2023-05-01 22:36:02,142 [INFO] IPUIPlugin:80 - create IPUIPlugin
2023-05-01 22:36:02,143 [INFO] IPUIPlugin:80 - create IPUIPlugin
2023-05-01 22:36:02,144 [INFO] IPUIPlugin:80 - create IPUIPlugin
2023-05-01 22:36:02,144 [INFO] IPUIPlugin:80 - create IPUIPlugin
2023-05-01 22:36:02,181 [INFO] ApiDbMcu:507 - Load IP Config File for PDM2PCM
2023-05-01 22:36:02,252 [WARN] FreeRTOS:1023 - Null or empty value: should not occur! (nothing added to the table)
2023-05-01 22:36:02,563 [INFO] CADModel:165 - CPN selected for project levelSTM32F411RET6
2023-05-01 22:36:02,563 [INFO] CADModel:114 - Register for checkConnection events
2023-05-01 22:36:02,566 [INFO] RtosManager:697 - Active RTOS found at IOC load: FREERTOS [Cortex-M4NS]
2023-05-01 22:36:02,674 [INFO] OpenFileManager:328 - Restore cursor
2023-05-01 22:36:11,565 [INFO] MainUpdater:2854 - connection check result : 10
2023-05-01 22:36:11,565 [INFO] MainUpdater:2854 - connection check result : 10
2023-05-01 22:36:11,588 [INFO] MicroXplorer:468 - Change Database Path : 
2023-05-01 22:36:11,588 [INFO] MicroXplorer:498 - Change Database Version : DB.6.0.81
2023-05-01 22:36:11,621 [WARN] ThirdParty:871 - waiting for thirdparty lock release [close project]
2023-05-01 22:36:11,621 [INFO] ThirdParty:873 - entering critical section [close project]
2023-05-01 22:36:11,622 [INFO] ThirdParty:883 - exiting critical section [close project]
2023-05-01 22:36:11,623 [INFO] PinOutPanel:1499 - setPackage(No Configuration,No Configuration)
2023-05-01 22:36:11,657 [WARN] IpParametersView:150 - Warning: This peripheral hasn't parameters
2023-05-01 22:36:11,676 [WARN] MainPanel:257 - <html><b><center>Warning: This peripheral has no parameters to be configured<br></b></html>
2023-05-01 22:36:11,691 [INFO] UtilMem:75 - Begin LoadConfig() Used Memory: 284873896 Bytes (414187520)
2023-05-01 22:36:11,705 [INFO] MicroXplorer:468 - Change Database Path : C:/Users/minhp/.stm32cubemx/databases/DB.6.0.80/db/
2023-05-01 22:36:11,705 [INFO] MicroXplorer:498 - Change Database Version : DB.6.0.80
2023-05-01 22:36:13,661 [INFO] MicroXplorer:468 - Change Database Path : 
2023-05-01 22:36:13,661 [INFO] MicroXplorer:498 - Change Database Version : DB.6.0.81
2023-05-01 22:36:13,661 [INFO] OpenFileManager:308 - Change cursor
2023-05-01 22:36:13,676 [INFO] Mcu:1937 - Initializing MCU STM32F411R(C-E)Tx STM32F411RETx STM32F411RET6
2023-05-01 22:36:14,899 [INFO] Context:659 - Trying to add GPIOservice into a context  which must be forbidden
2023-05-01 22:36:15,456 [INFO] RtosManager:555 - Registered RTOS mode: class=CMSIS, group=RTOS, mode=CMSIS_V1, owner=FREERTOS
2023-05-01 22:36:15,456 [INFO] RtosManager:555 - Registered RTOS mode: class=CMSIS, group=RTOS2, mode=CMSIS_V2, owner=FREERTOS
2023-05-01 22:36:15,456 [INFO] RtosManager:555 - Registered RTOS mode: class=RTOS, group=Core, mode=CMSIS_V1, owner=FREERTOS
2023-05-01 22:36:15,456 [INFO] RtosManager:555 - Registered RTOS mode: class=RTOS, group=Core, mode=CMSIS_V2, owner=FREERTOS
2023-05-01 22:36:15,456 [WARN] ModelIntegratedComponent:184 - Missing modes for component STMicroelectronics:FreeRTOS:0.0.1:STMicroelectronics:RTOS:FreeRTOS:Core:::10.2.0:
2023-05-01 22:36:15,460 [WARN] ModelIntegratedComponent:182 - Modes not found for component STMicroelectronics:USB_HOST:1.0.0:STMicroelectronics:USB::USB Host:Audio HS::1.0:USB_HOST_1_0_RESTRICTED_HS
2023-05-01 22:36:15,460 [WARN] ModelIntegratedComponent:188 - Modes not found for component STMicroelectronics:USB_HOST:1.0.0:STMicroelectronics:USB::USB Host:Audio HS::1.0:USB_HOST_1_0_RESTRICTED_HS
2023-05-01 22:36:15,460 [WARN] ModelIntegratedComponent:182 - Modes not found for component STMicroelectronics:USB_HOST:1.0.0:STMicroelectronics:USB::USB Host:CDC HS::1.0:USB_HOST_1_0_RESTRICTED_HS
2023-05-01 22:36:15,460 [WARN] ModelIntegratedComponent:188 - Modes not found for component STMicroelectronics:USB_HOST:1.0.0:STMicroelectronics:USB::USB Host:CDC HS::1.0:USB_HOST_1_0_RESTRICTED_HS
2023-05-01 22:36:15,460 [WARN] ModelIntegratedComponent:182 - Modes not found for component STMicroelectronics:USB_HOST:1.0.0:STMicroelectronics:USB::USB Host:MSC HS::1.0:USB_HOST_1_0_RESTRICTED_HS
2023-05-01 22:36:15,460 [WARN] ModelIntegratedComponent:188 - Modes not found for component STMicroelectronics:USB_HOST:1.0.0:STMicroelectronics:USB::USB Host:MSC HS::1.0:USB_HOST_1_0_RESTRICTED_HS
2023-05-01 22:36:15,460 [WARN] ModelIntegratedComponent:182 - Modes not found for component STMicroelectronics:USB_HOST:1.0.0:STMicroelectronics:USB::USB Host:HID HS::1.0:USB_HOST_1_0_RESTRICTED_HS
2023-05-01 22:36:15,460 [WARN] ModelIntegratedComponent:188 - Modes not found for component STMicroelectronics:USB_HOST:1.0.0:STMicroelectronics:USB::USB Host:HID HS::1.0:USB_HOST_1_0_RESTRICTED_HS
2023-05-01 22:36:15,461 [WARN] ModelIntegratedComponent:182 - Modes not found for component STMicroelectronics:USB_HOST:1.0.0:STMicroelectronics:USB::USB Host:MTP HS::1.0:USB_HOST_1_0_RESTRICTED_HS
2023-05-01 22:36:15,461 [WARN] ModelIntegratedComponent:188 - Modes not found for component STMicroelectronics:USB_HOST:1.0.0:STMicroelectronics:USB::USB Host:MTP HS::1.0:USB_HOST_1_0_RESTRICTED_HS
2023-05-01 22:36:15,468 [WARN] ModelIntegratedComponent:63 - No mode defined for component null
2023-05-01 22:36:15,468 [WARN] ModelIntegratedComponent:63 - No mode defined for component null
2023-05-01 22:36:15,468 [WARN] ModelIntegratedComponent:63 - No mode defined for component null
2023-05-01 22:36:15,468 [WARN] ModelIntegratedComponent:63 - No mode defined for component null
2023-05-01 22:36:15,468 [WARN] ModelIntegratedComponent:63 - No mode defined for component null
2023-05-01 22:36:15,468 [WARN] ModelIntegratedComponent:63 - No mode defined for component null
2023-05-01 22:36:15,469 [WARN] ModelIntegratedComponent:63 - No mode defined for component null
2023-05-01 22:36:15,469 [WARN] ModelIntegratedComponent:63 - No mode defined for component null
2023-05-01 22:36:15,469 [WARN] ModelIntegratedComponent:63 - No mode defined for component null
2023-05-01 22:36:15,469 [WARN] ModelIntegratedComponent:63 - No mode defined for component null
2023-05-01 22:36:15,469 [WARN] ModelIntegratedComponent:63 - No mode defined for component null
2023-05-01 22:36:15,469 [WARN] ModelIntegratedComponent:63 - No mode defined for component null
2023-05-01 22:36:15,469 [WARN] ModelIntegratedComponent:63 - No mode defined for component null
2023-05-01 22:36:15,469 [WARN] ModelIntegratedComponent:63 - No mode defined for component null
2023-05-01 22:36:15,469 [WARN] ModelIntegratedComponent:63 - No mode defined for component null
2023-05-01 22:36:15,469 [WARN] ModelIntegratedComponent:63 - No mode defined for component null
2023-05-01 22:36:15,470 [WARN] ModelIntegratedComponent:63 - No mode defined for component null
2023-05-01 22:36:15,470 [WARN] ModelIntegratedComponent:63 - No mode defined for component null
2023-05-01 22:36:15,470 [WARN] ModelIntegratedComponent:63 - No mode defined for component null
2023-05-01 22:36:15,470 [WARN] ModelIntegratedComponent:63 - No mode defined for component null
2023-05-01 22:36:15,470 [WARN] ModelIntegratedComponent:63 - No mode defined for component null
2023-05-01 22:36:15,470 [WARN] ModelIntegratedComponent:63 - No mode defined for component null
2023-05-01 22:36:15,471 [WARN] ModelIntegratedComponent:63 - No mode defined for component null
2023-05-01 22:36:15,471 [WARN] ModelIntegratedComponent:63 - No mode defined for component null
2023-05-01 22:36:15,471 [WARN] ModelIntegratedComponent:63 - No mode defined for component null
2023-05-01 22:36:15,471 [WARN] ModelIntegratedComponent:63 - No mode defined for component null
2023-05-01 22:36:15,471 [WARN] ModelIntegratedComponent:63 - No mode defined for component null
2023-05-01 22:36:15,471 [WARN] ModelIntegratedComponent:63 - No mode defined for component null
2023-05-01 22:36:15,471 [WARN] ModelIntegratedComponent:63 - No mode defined for component null
2023-05-01 22:36:15,471 [WARN] ModelIntegratedComponent:63 - No mode defined for component null
2023-05-01 22:36:15,471 [WARN] ModelIntegratedComponent:63 - No mode defined for component null
2023-05-01 22:36:15,471 [WARN] ModelIntegratedComponent:63 - No mode defined for component null
2023-05-01 22:36:15,471 [WARN] ModelIntegratedComponent:63 - No mode defined for component null
2023-05-01 22:36:15,640 [WARN] ModelIntegratedComponent:182 - Modes not found for component STMicroelectronics:USB_DEVICE:1.0.0:STMicroelectronics:USB::USB Device:Audio HS::1.0:USB_DEVICE_1_0_RESTRICTED_HS
2023-05-01 22:36:15,640 [WARN] ModelIntegratedComponent:188 - Modes not found for component STMicroelectronics:USB_DEVICE:1.0.0:STMicroelectronics:USB::USB Device:Audio HS::1.0:USB_DEVICE_1_0_RESTRICTED_HS
2023-05-01 22:36:15,641 [WARN] ModelIntegratedComponent:182 - Modes not found for component STMicroelectronics:USB_DEVICE:1.0.0:STMicroelectronics:USB::USB Device:CDC HS::1.0:USB_DEVICE_1_0_RESTRICTED_HS
2023-05-01 22:36:15,641 [WARN] ModelIntegratedComponent:188 - Modes not found for component STMicroelectronics:USB_DEVICE:1.0.0:STMicroelectronics:USB::USB Device:CDC HS::1.0:USB_DEVICE_1_0_RESTRICTED_HS
2023-05-01 22:36:15,641 [WARN] ModelIntegratedComponent:182 - Modes not found for component STMicroelectronics:USB_DEVICE:1.0.0:STMicroelectronics:USB::USB Device:DFU HS::1.0:USB_DEVICE_1_0_RESTRICTED_HS
2023-05-01 22:36:15,642 [WARN] ModelIntegratedComponent:188 - Modes not found for component STMicroelectronics:USB_DEVICE:1.0.0:STMicroelectronics:USB::USB Device:DFU HS::1.0:USB_DEVICE_1_0_RESTRICTED_HS
2023-05-01 22:36:15,642 [WARN] ModelIntegratedComponent:182 - Modes not found for component STMicroelectronics:USB_DEVICE:1.0.0:STMicroelectronics:USB::USB Device:HID HS::1.0:USB_DEVICE_1_0_RESTRICTED_HS
2023-05-01 22:36:15,642 [WARN] ModelIntegratedComponent:188 - Modes not found for component STMicroelectronics:USB_DEVICE:1.0.0:STMicroelectronics:USB::USB Device:HID HS::1.0:USB_DEVICE_1_0_RESTRICTED_HS
2023-05-01 22:36:15,642 [WARN] ModelIntegratedComponent:182 - Modes not found for component STMicroelectronics:USB_DEVICE:1.0.0:STMicroelectronics:USB::USB Device:Custom HID HS::1.0:USB_DEVICE_1_0_RESTRICTED_HS
2023-05-01 22:36:15,642 [WARN] ModelIntegratedComponent:188 - Modes not found for component STMicroelectronics:USB_DEVICE:1.0.0:STMicroelectronics:USB::USB Device:Custom HID HS::1.0:USB_DEVICE_1_0_RESTRICTED_HS
2023-05-01 22:36:15,643 [WARN] ModelIntegratedComponent:182 - Modes not found for component STMicroelectronics:USB_DEVICE:1.0.0:STMicroelectronics:USB::USB Device:MSC HS::1.0:USB_DEVICE_1_0_RESTRICTED_HS
2023-05-01 22:36:15,643 [WARN] ModelIntegratedComponent:188 - Modes not found for component STMicroelectronics:USB_DEVICE:1.0.0:STMicroelectronics:USB::USB Device:MSC HS::1.0:USB_DEVICE_1_0_RESTRICTED_HS
2023-05-01 22:36:15,680 [INFO] ThirdPartyModel:298 - Start build external matchings
2023-05-01 22:36:17,443 [INFO] ThirdPartyModel:316 - End build external matchings
2023-05-01 22:36:17,486 [INFO] RtosManager:919 - Current active RTOS is FREERTOS [Cortex-M4NS]
2023-05-01 22:36:17,502 [INFO] ImportTextPane:194 - (OptionalMessage_ERROR) IP (DMA) : Parameter (Instance) has Id (SPI1_RX) currently not set
2023-05-01 22:36:17,503 [INFO] ImportTextPane:194 - (OptionalMessage_ERROR) IP (DMA) : Parameter (Channel) has Id (SPI1_RX) currently not set
2023-05-01 22:36:17,503 [INFO] ImportTextPane:194 - (OptionalMessage_ERROR) IP (DMA) : Parameter (Direction) has Id (SPI1_RX) currently not set
2023-05-01 22:36:17,503 [INFO] ImportTextPane:194 - (OptionalMessage_ERROR) IP (DMA) : Parameter (PeriphInc) has Id (SPI1_RX) currently not set
2023-05-01 22:36:17,503 [INFO] ImportTextPane:194 - (OptionalMessage_ERROR) IP (DMA) : Parameter (MemInc) has Id (SPI1_RX) currently not set
2023-05-01 22:36:17,503 [INFO] ImportTextPane:194 - (OptionalMessage_ERROR) IP (DMA) : Parameter (PeriphDataAlignment) has Id (SPI1_RX) currently not set
2023-05-01 22:36:17,504 [INFO] ImportTextPane:194 - (OptionalMessage_ERROR) IP (DMA) : Parameter (MemDataAlignment) has Id (SPI1_RX) currently not set
2023-05-01 22:36:17,504 [INFO] ImportTextPane:194 - (OptionalMessage_ERROR) IP (DMA) : Parameter (Mode) has Id (SPI1_RX) currently not set
2023-05-01 22:36:17,504 [INFO] ImportTextPane:194 - (OptionalMessage_ERROR) IP (DMA) : Parameter (Priority) has Id (SPI1_RX) currently not set
2023-05-01 22:36:17,504 [INFO] ImportTextPane:194 - (OptionalMessage_ERROR) IP (DMA) : Parameter (FIFOMode) has Id (SPI1_RX) currently not set
2023-05-01 22:36:17,505 [INFO] ImportTextPane:194 - (OptionalMessage_ERROR) IP (DMA) : Parameter (FIFOThreshold) has Id (SPI1_RX) currently not set
2023-05-01 22:36:17,505 [INFO] ImportTextPane:194 - (OptionalMessage_ERROR) IP (DMA) : Parameter (FIFOThreshold) has invalid value (null)
2023-05-01 22:36:17,505 [INFO] ImportTextPane:194 - (OptionalMessage_ERROR) IP (DMA) : Parameter (MemBurst) has Id (SPI1_RX) currently not set
2023-05-01 22:36:17,505 [INFO] ImportTextPane:194 - (OptionalMessage_ERROR) IP (DMA) : Parameter (MemBurst) has invalid value (null)
2023-05-01 22:36:17,505 [INFO] ImportTextPane:194 - (OptionalMessage_ERROR) IP (DMA) : Parameter (PeriphBurst) has Id (SPI1_RX) currently not set
2023-05-01 22:36:17,506 [INFO] ImportTextPane:194 - (OptionalMessage_ERROR) IP (DMA) : Parameter (PeriphBurst) has invalid value (null)
2023-05-01 22:36:17,506 [INFO] ImportTextPane:194 - (OptionalMessage_ERROR) IP (DMA) : Parameter (Instance) has Id (SPI1_TX) currently not set
2023-05-01 22:36:17,506 [INFO] ImportTextPane:194 - (OptionalMessage_ERROR) IP (DMA) : Parameter (Channel) has Id (SPI1_TX) currently not set
2023-05-01 22:36:17,506 [INFO] ImportTextPane:194 - (OptionalMessage_ERROR) IP (DMA) : Parameter (Direction) has Id (SPI1_TX) currently not set
2023-05-01 22:36:17,506 [INFO] ImportTextPane:194 - (OptionalMessage_ERROR) IP (DMA) : Parameter (PeriphInc) has Id (SPI1_TX) currently not set
2023-05-01 22:36:17,506 [INFO] ImportTextPane:194 - (OptionalMessage_ERROR) IP (DMA) : Parameter (MemInc) has Id (SPI1_TX) currently not set
2023-05-01 22:36:17,506 [INFO] ImportTextPane:194 - (OptionalMessage_ERROR) IP (DMA) : Parameter (PeriphDataAlignment) has Id (SPI1_TX) currently not set
2023-05-01 22:36:17,507 [INFO] ImportTextPane:194 - (OptionalMessage_ERROR) IP (DMA) : Parameter (MemDataAlignment) has Id (SPI1_TX) currently not set
2023-05-01 22:36:17,507 [INFO] ImportTextPane:194 - (OptionalMessage_ERROR) IP (DMA) : Parameter (Mode) has Id (SPI1_TX) currently not set
2023-05-01 22:36:17,508 [INFO] ImportTextPane:194 - (OptionalMessage_ERROR) IP (DMA) : Parameter (Priority) has Id (SPI1_TX) currently not set
2023-05-01 22:36:17,508 [INFO] ImportTextPane:194 - (OptionalMessage_ERROR) IP (DMA) : Parameter (FIFOMode) has Id (SPI1_TX) currently not set
2023-05-01 22:36:17,508 [INFO] ImportTextPane:194 - (OptionalMessage_ERROR) IP (DMA) : Parameter (FIFOThreshold) has Id (SPI1_TX) currently not set
2023-05-01 22:36:17,508 [INFO] ImportTextPane:194 - (OptionalMessage_ERROR) IP (DMA) : Parameter (FIFOThreshold) has invalid value (null)
2023-05-01 22:36:17,508 [INFO] ImportTextPane:194 - (OptionalMessage_ERROR) IP (DMA) : Parameter (MemBurst) has Id (SPI1_TX) currently not set
2023-05-01 22:36:17,508 [INFO] ImportTextPane:194 - (OptionalMessage_ERROR) IP (DMA) : Parameter (MemBurst) has invalid value (null)
2023-05-01 22:36:17,509 [INFO] ImportTextPane:194 - (OptionalMessage_ERROR) IP (DMA) : Parameter (PeriphBurst) has Id (SPI1_TX) currently not set
2023-05-01 22:36:17,509 [INFO] ImportTextPane:194 - (OptionalMessage_ERROR) IP (DMA) : Parameter (PeriphBurst) has invalid value (null)
2023-05-01 22:36:17,517 [INFO] ImportTextPane:194 - (OptionalMessage_ERROR) IP (RCC) : Parameter (48MHZClocksFreq_Value) has invalid value (50000000)
2023-05-01 22:36:17,520 [INFO] ImportTextPane:194 - (OptionalMessage_ERROR) IP (RCC) : Parameter (FLatency) has Id (AdvancedSettings) currently not set
2023-05-01 22:36:17,521 [INFO] ImportTextPane:194 - (OptionalMessage_ERROR) IP (RCC) : Parameter (RTCHSEDivFreq_Value) has invalid value (4000000)
2023-05-01 22:36:19,051 [INFO] UtilMem:75 - End LoadConfig() Used Memory: 275196128 Bytes (414187520)
2023-05-01 22:36:19,084 [WARN] ThirdParty:833 - waiting for thirdparty lock release [change project]
2023-05-01 22:36:19,084 [INFO] ThirdParty:835 - entering critical section [change project]
2023-05-01 22:36:19,084 [INFO] ThirdParty:1030 - CMSIS Pack Vendor :STMicroelectronics X-CUBE-ISPU 1.1.0
2023-05-01 22:36:19,084 [INFO] ThirdParty:1030 - CMSIS Pack Vendor :RoweBots I-CUBE-UNISONRTOS 5.5.0-4
2023-05-01 22:36:19,084 [INFO] ThirdParty:1030 - CMSIS Pack Vendor :STMicroelectronics X-CUBE-GNSS1 6.0.0
2023-05-01 22:36:19,084 [INFO] ThirdParty:1030 - CMSIS Pack Vendor :STMicroelectronics USB_HOST 2.0.0
2023-05-01 22:36:19,084 [INFO] ThirdParty:1030 - CMSIS Pack Vendor :STMicroelectronics X-CUBE-AZRTOS-F4 1.1.0
2023-05-01 22:36:19,085 [INFO] ThirdParty:1030 - CMSIS Pack Vendor :STMicroelectronics LIBJPEG 8.0.0
2023-05-01 22:36:19,085 [INFO] ThirdParty:1030 - CMSIS Pack Vendor :STMicroelectronics X-CUBE-SMBUS 2.1.0
2023-05-01 22:36:19,085 [INFO] ThirdParty:1030 - CMSIS Pack Vendor :STMicroelectronics USB_DEVICE 3.0.0
2023-05-01 22:36:19,085 [INFO] ThirdParty:1030 - CMSIS Pack Vendor :STMicroelectronics X-CUBE-AI 8.0.0
2023-05-01 22:36:19,085 [INFO] ThirdParty:1030 - CMSIS Pack Vendor :STMicroelectronics X-CUBE-FREERTOS 1.0.1
2023-05-01 22:36:19,085 [INFO] ThirdParty:1030 - CMSIS Pack Vendor :STMicroelectronics X-CUBE-TOUCHGFX 4.21.0
2023-05-01 22:36:19,085 [INFO] ThirdParty:1030 - CMSIS Pack Vendor :STMicroelectronics X-CUBE-TOUCHGFX 4.21.3
2023-05-01 22:36:19,085 [INFO] ThirdParty:1030 - CMSIS Pack Vendor :STMicroelectronics X-CUBE-AZRTOS-F7 1.1.0
2023-05-01 22:36:19,085 [INFO] ThirdParty:1030 - CMSIS Pack Vendor :STMicroelectronics X-CUBE-MEMS1 9.4.0
2023-05-01 22:36:19,085 [INFO] ThirdParty:1030 - CMSIS Pack Vendor :STMicroelectronics USB_DEVICE 2.0.0
2023-05-01 22:36:19,085 [INFO] ThirdParty:1030 - CMSIS Pack Vendor :STMicroelectronics X-CUBE-MEMS1 9.6.0
2023-05-01 22:36:19,085 [INFO] ThirdParty:1030 - CMSIS Pack Vendor :STMicroelectronics X-CUBE-AI 7.3.0
2023-05-01 22:36:19,085 [INFO] ThirdParty:1030 - CMSIS Pack Vendor :STMicroelectronics X-CUBE-ALGOBUILD 1.3.0
2023-05-01 22:36:19,085 [INFO] ThirdParty:1030 - CMSIS Pack Vendor :STMicroelectronics X-CUBE-BLE1 6.2.4
2023-05-01 22:36:19,085 [INFO] ThirdParty:1030 - CMSIS Pack Vendor :STMicroelectronics X-CUBE-AZRTOS-L5 1.1.0
2023-05-01 22:36:19,086 [INFO] ThirdParty:1030 - CMSIS Pack Vendor :STMicroelectronics FreeRTOS 0.0.1
2023-05-01 22:36:19,086 [INFO] ThirdParty:1030 - CMSIS Pack Vendor :emotas I-CUBE-CANOPEN 1.1.3
2023-05-01 22:36:19,086 [INFO] ThirdParty:1030 - CMSIS Pack Vendor :STMicroelectronics X-CUBE-AZRTOS-G0 1.1.0
2023-05-01 22:36:19,086 [INFO] ThirdParty:1030 - CMSIS Pack Vendor :STMicroelectronics X-CUBE-BLEMGR 2.0.0
2023-05-01 22:36:19,086 [INFO] ThirdParty:1030 - CMSIS Pack Vendor :STMicroelectronics X-CUBE-SUBG2 5.0.0
2023-05-01 22:36:19,086 [INFO] ThirdParty:1030 - CMSIS Pack Vendor :STMicroelectronics X-CUBE-NFC4 3.0.0
2023-05-01 22:36:19,086 [INFO] ThirdParty:1030 - CMSIS Pack Vendor :STMicroelectronics STM32_WPAN 1.0.0
2023-05-01 22:36:19,087 [INFO] ThirdParty:1030 - CMSIS Pack Vendor :STMicroelectronics lwIP 2.0.3
2023-05-01 22:36:19,087 [INFO] ThirdParty:1030 - CMSIS Pack Vendor :STMicroelectronics X-CUBE-NFC4 2.0.5
2023-05-01 22:36:19,087 [INFO] ThirdParty:1030 - CMSIS Pack Vendor :STMicroelectronics USB_HOST 1.0.0
2023-05-01 22:36:19,087 [INFO] ThirdParty:1030 - CMSIS Pack Vendor :STMicroelectronics X-CUBE-AZRTOS-G4 2.0.0
2023-05-01 22:36:19,087 [INFO] ThirdParty:1030 - CMSIS Pack Vendor :STMicroelectronics PDM2PCM 3.1.0
2023-05-01 22:36:19,087 [INFO] ThirdParty:1030 - CMSIS Pack Vendor :STMicroelectronics X-CUBE-AZRTOS-H7 3.1.0
2023-05-01 22:36:19,087 [INFO] ThirdParty:1030 - CMSIS Pack Vendor :STMicroelectronics X-CUBE-TOF1 3.3.0
2023-05-01 22:36:19,087 [INFO] ThirdParty:1030 - CMSIS Pack Vendor :STMicroelectronics FP-ATR-ASTRA1 1.1.1
2023-05-01 22:36:19,087 [INFO] ThirdParty:1030 - CMSIS Pack Vendor :STMicroelectronics PDM2PCM 3.3.0
2023-05-01 22:36:19,088 [INFO] ThirdParty:1030 - CMSIS Pack Vendor :STMicroelectronics X-CUBE-DISPLAY 3.0.0
2023-05-01 22:36:19,088 [INFO] ThirdParty:1030 - CMSIS Pack Vendor :STMicroelectronics X-CUBE-BLEMGR 1.3.0
2023-05-01 22:36:19,088 [INFO] ThirdParty:1030 - CMSIS Pack Vendor :STMicroelectronics X-CUBE-AZRTOS-G4 1.0.0
2023-05-01 22:36:19,088 [INFO] ThirdParty:1030 - CMSIS Pack Vendor :STMicroelectronics FP-ATR-SIGFOX1 3.2.0
2023-05-01 22:36:19,088 [INFO] ThirdParty:1030 - CMSIS Pack Vendor :wolfSSL I-CUBE-wolfSSL 5.5.4
2023-05-01 22:36:19,088 [INFO] ThirdParty:1030 - CMSIS Pack Vendor :STMicroelectronics X-CUBE-AZRTOS-L4 1.0.0
2023-05-01 22:36:19,088 [INFO] ThirdParty:1030 - CMSIS Pack Vendor :STMicroelectronics HAL Drivers 0.0.0
2023-05-01 22:36:19,089 [INFO] ThirdParty:1030 - CMSIS Pack Vendor :STMicroelectronics MBEDTLS 2.16.2
2023-05-01 22:36:19,089 [INFO] ThirdParty:1030 - CMSIS Pack Vendor :STMicroelectronics MBEDTLS 2.14.1
2023-05-01 22:36:19,089 [INFO] ThirdParty:1030 - CMSIS Pack Vendor :STMicroelectronics X-CUBE-NFC7 1.0.0
2023-05-01 22:36:19,089 [INFO] ThirdParty:1030 - CMSIS Pack Vendor :STMicroelectronics X-CUBE-AZRTOS-WL 1.0.0
2023-05-01 22:36:19,089 [INFO] ThirdParty:1030 - CMSIS Pack Vendor :STMicroelectronics X-CUBE-EEPRMA1 4.1.0
2023-05-01 22:36:19,089 [INFO] ThirdParty:1030 - CMSIS Pack Vendor :portGmbH I-Cube-SoM-uGOAL 1.1.0
2023-05-01 22:36:19,089 [INFO] ThirdParty:1030 - CMSIS Pack Vendor :STMicroelectronics X-CUBE-ALS 1.0.1
2023-05-01 22:36:19,089 [INFO] ThirdParty:1030 - CMSIS Pack Vendor :STMicroelectronics X-CUBE-MEMS1 9.5.0
2023-05-01 22:36:19,089 [INFO] ThirdParty:1030 - CMSIS Pack Vendor :STMicroelectronics ThreadX 1.0.0
2023-05-01 22:36:19,089 [INFO] ThirdParty:1030 - CMSIS Pack Vendor :STMicroelectronics X-CUBE-AZRTOS-WB 1.1.0
2023-05-01 22:36:19,089 [INFO] ThirdParty:1030 - CMSIS Pack Vendor :SEGGER I-CUBE-embOS 1.3.1
2023-05-01 22:36:19,090 [INFO] ThirdParty:1030 - CMSIS Pack Vendor :STMicroelectronics USB_DEVICE 1.0.0
2023-05-01 22:36:19,090 [INFO] ThirdParty:1030 - CMSIS Pack Vendor :SEGGER I-CUBE-embOS 1.3.0
2023-05-01 22:36:19,090 [INFO] ThirdParty:1030 - CMSIS Pack Vendor :STMicroelectronics ThreadX 0.0.2
2023-05-01 22:36:19,090 [INFO] ThirdParty:1030 - CMSIS Pack Vendor :WES I-CUBE-Cesium 1.3.0
2023-05-01 22:36:19,090 [INFO] ThirdParty:1030 - CMSIS Pack Vendor :STMicroelectronics FP-ATR-ASTRA1 2.0.0
2023-05-01 22:36:19,090 [INFO] ThirdParty:1030 - CMSIS Pack Vendor :STMicroelectronics lwIP 2.1.2
2023-05-01 22:36:19,090 [INFO] ThirdParty:1030 - CMSIS Pack Vendor :STMicroelectronics X-CUBE-SFXS2LP1 4.0.0
2023-05-01 22:36:19,090 [INFO] ThirdParty:1030 - CMSIS Pack Vendor :STMicroelectronics X-CUBE-BLE2 3.3.0
2023-05-01 22:36:19,090 [INFO] ThirdParty:1030 - CMSIS Pack Vendor :STMicroelectronics X-CUBE-DISPLAY 2.2.0
2023-05-01 22:36:19,091 [INFO] ThirdParty:1030 - CMSIS Pack Vendor :STMicroelectronics X-CUBE-TOF1 3.2.0
2023-05-01 22:36:19,091 [INFO] ThirdParty:1030 - CMSIS Pack Vendor :STMicroelectronics PDM2PCM 3.2.0
2023-05-01 22:36:19,091 [INFO] ThirdParty:1030 - CMSIS Pack Vendor :STMicroelectronics X-CUBE-AZRTOS-H7 3.0.0
2023-05-01 22:36:19,091 [INFO] ThirdParty:841 - exiting critical section [change project]
2023-05-01 22:36:19,633 [INFO] PinOutPanel:1499 - setPackage(No Configuration,No Configuration)
2023-05-01 22:36:19,635 [INFO] PinOutPanel:1499 - setPackage(STM32F411RETx,LQFP64)
2023-05-01 22:36:20,542 [INFO] UtilMem:75 - Before build in PCC Used Memory: 326359232 Bytes (414187520)
2023-05-01 22:36:21,154 [INFO] UtilMem:75 - After build in PCC Used Memory: 243221264 Bytes (414187520)
2023-05-01 22:36:21,168 [INFO] ApiDbMcu:507 - Load IP Config File for FREERTOS
2023-05-01 22:36:21,228 [INFO] IPUIPlugin:80 - create IPUIPlugin
2023-05-01 22:36:21,228 [INFO] IPUIPlugin:80 - create IPUIPlugin
2023-05-01 22:36:21,229 [INFO] IPUIPlugin:80 - create IPUIPlugin
2023-05-01 22:36:21,229 [INFO] IPUIPlugin:80 - create IPUIPlugin
2023-05-01 22:36:21,229 [INFO] IPUIPlugin:80 - create IPUIPlugin
2023-05-01 22:36:21,229 [INFO] IPUIPlugin:80 - create IPUIPlugin
2023-05-01 22:36:21,229 [INFO] IPUIPlugin:80 - create IPUIPlugin
2023-05-01 22:36:21,230 [INFO] IPUIPlugin:80 - create IPUIPlugin
2023-05-01 22:36:21,230 [INFO] IPUIPlugin:80 - create IPUIPlugin
2023-05-01 22:36:21,230 [INFO] IPUIPlugin:80 - create IPUIPlugin
2023-05-01 22:36:21,230 [INFO] IPUIPlugin:80 - create IPUIPlugin
2023-05-01 22:36:21,231 [INFO] IPUIPlugin:80 - create IPUIPlugin
2023-05-01 22:36:21,231 [INFO] IPUIPlugin:80 - create IPUIPlugin
2023-05-01 22:36:21,231 [INFO] IPUIPlugin:80 - create IPUIPlugin
2023-05-01 22:36:21,231 [INFO] IPUIPlugin:80 - create IPUIPlugin
2023-05-01 22:36:21,233 [INFO] IPUIPlugin:80 - create IPUIPlugin
2023-05-01 22:36:21,233 [INFO] IPUIPlugin:80 - create IPUIPlugin
2023-05-01 22:36:21,234 [INFO] IPUIPlugin:80 - create IPUIPlugin
2023-05-01 22:36:21,234 [INFO] IPUIPlugin:80 - create IPUIPlugin
2023-05-01 22:36:21,234 [INFO] IPUIPlugin:80 - create IPUIPlugin
2023-05-01 22:36:21,235 [INFO] IPUIPlugin:80 - create IPUIPlugin
2023-05-01 22:36:21,235 [INFO] IPUIPlugin:80 - create IPUIPlugin
2023-05-01 22:36:21,236 [INFO] IPUIPlugin:80 - create IPUIPlugin
2023-05-01 22:36:21,236 [INFO] IPUIPlugin:80 - create IPUIPlugin
2023-05-01 22:36:21,236 [INFO] IPUIPlugin:80 - create IPUIPlugin
2023-05-01 22:36:21,237 [INFO] IPUIPlugin:80 - create IPUIPlugin
2023-05-01 22:36:21,237 [INFO] IPUIPlugin:80 - create IPUIPlugin
2023-05-01 22:36:21,237 [INFO] IPUIPlugin:80 - create IPUIPlugin
2023-05-01 22:36:21,238 [INFO] IPUIPlugin:80 - create IPUIPlugin
2023-05-01 22:36:21,238 [INFO] IPUIPlugin:80 - create IPUIPlugin
2023-05-01 22:36:21,239 [INFO] IPUIPlugin:80 - create IPUIPlugin
2023-05-01 22:36:21,239 [INFO] IPUIPlugin:80 - create IPUIPlugin
2023-05-01 22:36:21,240 [INFO] IPUIPlugin:80 - create IPUIPlugin
2023-05-01 22:36:21,240 [INFO] IPUIPlugin:80 - create IPUIPlugin
2023-05-01 22:36:21,241 [INFO] IPUIPlugin:80 - create IPUIPlugin
2023-05-01 22:36:21,241 [INFO] IPUIPlugin:80 - create IPUIPlugin
2023-05-01 22:36:21,242 [INFO] IPUIPlugin:80 - create IPUIPlugin
2023-05-01 22:36:21,242 [INFO] IPUIPlugin:80 - create IPUIPlugin
2023-05-01 22:36:21,243 [INFO] IPUIPlugin:80 - create IPUIPlugin
2023-05-01 22:36:21,244 [INFO] IPUIPlugin:80 - create IPUIPlugin
2023-05-01 22:36:21,245 [INFO] IPUIPlugin:80 - create IPUIPlugin
2023-05-01 22:36:21,246 [INFO] IPUIPlugin:80 - create IPUIPlugin
2023-05-01 22:36:21,246 [INFO] IPUIPlugin:80 - create IPUIPlugin
2023-05-01 22:36:21,251 [INFO] ApiDbMcu:507 - Load IP Config File for PDM2PCM
2023-05-01 22:36:21,275 [WARN] FreeRTOS:1023 - Null or empty value: should not occur! (nothing added to the table)
2023-05-01 22:36:21,389 [INFO] CADModel:165 - CPN selected for project levelSTM32F411RET6
2023-05-01 22:36:21,389 [INFO] CADModel:114 - Register for checkConnection events
2023-05-01 22:36:21,391 [INFO] RtosManager:697 - Active RTOS found at IOC load: FREERTOS [Cortex-M4NS]
2023-05-01 22:36:21,449 [INFO] OpenFileManager:328 - Restore cursor
2023-05-01 22:39:02,245 [INFO] Gpio:273 - dependency for GPIO [RCC, SPI1, SYS, USART2]
2023-05-01 22:39:19,288 [INFO] UtilMem:75 - End SaveConfig() Used Memory: 263413080 Bytes (414187520)
2023-05-01 22:39:26,895 [INFO] UtilMem:75 - End SaveConfig() Used Memory: 245677720 Bytes (414187520)
2023-05-01 22:39:42,032 [INFO] Gpio:273 - dependency for GPIO [RCC, SPI1, SYS, USART2]
2023-05-01 22:40:02,230 [INFO] NvicIntPanel:101 - NVIC parent = com.st.microxplorer.plugins.ip.nvic.MultiNvicIntPanel[,0,0,0x0,invalid,layout=javax.swing.BoxLayout,alignmentX=0.0,alignmentY=0.0,border=,flags=9,maximumSize=,minimumSize=,preferredSize=]
2023-05-01 22:40:02,356 [INFO] NvicIntPanel:101 - NVIC parent = com.st.microxplorer.plugins.ip.nvic.MultiNvicIntPanel[,0,0,0x0,invalid,layout=javax.swing.BoxLayout,alignmentX=0.0,alignmentY=0.0,border=,flags=9,maximumSize=,minimumSize=,preferredSize=]
2023-05-01 22:40:05,438 [INFO] NvicIntPanel:101 - NVIC parent = com.st.microxplorer.plugins.ip.nvic.MultiNvicIntPanel[,0,0,0x0,invalid,layout=javax.swing.BoxLayout,alignmentX=0.0,alignmentY=0.0,border=,flags=9,maximumSize=,minimumSize=,preferredSize=]
2023-05-01 22:40:06,736 [INFO] NvicIntPanel:101 - NVIC parent = com.st.microxplorer.plugins.ip.nvic.MultiNvicIntPanel[,0,0,0x0,invalid,layout=javax.swing.BoxLayout,alignmentX=0.0,alignmentY=0.0,border=,flags=9,maximumSize=,minimumSize=,preferredSize=]
2023-05-01 22:40:08,596 [INFO] UtilMem:75 - End SaveConfig() Used Memory: 330897520 Bytes (414187520)
2023-05-01 22:42:08,932 [ERROR] RtosPanel:558 - Can not restore the selected Tab for FREERTOS(A reason can be that the tab is no more available.)
2023-05-01 22:42:29,219 [INFO] TasksAndQueuesTab:757 - Dynamic
2023-05-01 22:42:29,219 [WARN] TasksAndQueuesTab:763 - 128 128
2023-05-01 22:42:29,220 [WARN] TasksAndQueuesTab:775 - max value is: 3840.0
2023-05-01 22:42:31,061 [INFO] EditThreadDialog:704 - RAM SIZE (in KB): 128
2023-05-01 22:42:31,061 [INFO] EditThreadDialog:706 - RAM SIZE (in words): 32768
2023-05-01 22:50:03,008 [ERROR] LogOutputStream:75 - [STDERR_REDIRECT] 
2023-05-01 22:50:15,285 [INFO] Activator:176 - 


2023-05-01 22:50:15,288 [INFO] Activator:177 - !SESSION log4j initialized
2023-05-01 22:50:19,760 [INFO] LogOutputStream:77 - [STDOUT_REDIRECT] 
2023-05-01 22:50:26,115 [ERROR] LogOutputStream:75 - [STDERR_REDIRECT] May 01, 2023 10:50:26 PM org.glassfish.grizzly.http.server.NetworkListener start
2023-05-01 22:50:26,119 [ERROR] LogOutputStream:75 - [STDERR_REDIRECT] INFO: Started listener bound to [localhost:1598]
2023-05-01 22:50:26,119 [ERROR] LogOutputStream:75 - [STDERR_REDIRECT] 
2023-05-01 22:50:26,122 [ERROR] LogOutputStream:75 - [STDERR_REDIRECT] May 01, 2023 10:50:26 PM org.glassfish.grizzly.http.server.HttpServer start
2023-05-01 22:50:26,124 [ERROR] LogOutputStream:75 - [STDERR_REDIRECT] INFO: [HttpServer] Started.
2023-05-01 22:50:26,124 [ERROR] LogOutputStream:75 - [STDERR_REDIRECT] 
2023-05-01 22:56:05,886 [ERROR] LogOutputStream:75 - [STDERR_REDIRECT] 
